2025-04-08 16:06:53   main.py --matcher loftr --max_num_keypoints 2048 --img_size 512 --data_dir data --log_dir out_loftr --save_images --device cuda
2025-04-08 16:06:53   Arguments: Namespace(matcher='loftr', max_num_keypoints=2048, num_iterations=4, img_size=512, save_images=True, device='cuda', data_dir='data', log_dir='out_loftr')
2025-04-08 16:06:53   The outputs are being saved in logs/out_loftr/2025-04-08_16-06-53
2025-04-08 16:07:02   
Traceback (most recent call last):
  File "/gpfs/home3/scur2410/EarthMatch_Master_Duster/main.py", line 75, in <module>
    surrounding_image = matcher.image_loader(pred_path, args.img_size*3).to(args.device)
  File "/gpfs/home3/scur2410/EarthMatch_Master_Duster/image-matching-models/matching/im_models/base_matcher.py", line 46, in image_loader
    return BaseMatcher.load_image(path, resize, rot_angle)
  File "/gpfs/home3/scur2410/EarthMatch_Master_Duster/image-matching-models/matching/im_models/base_matcher.py", line 54, in load_image
    img = tfm.Resize(resize, antialias=True)(img)
  File "/home/scur2410/miniconda3/envs/earth/lib/python3.10/site-packages/torch/nn/modules/module.py", line 1739, in _wrapped_call_impl
    return self._call_impl(*args, **kwargs)
  File "/home/scur2410/miniconda3/envs/earth/lib/python3.10/site-packages/torch/nn/modules/module.py", line 1750, in _call_impl
    return forward_call(*args, **kwargs)
  File "/home/scur2410/miniconda3/envs/earth/lib/python3.10/site-packages/torchvision/transforms/transforms.py", line 354, in forward
    return F.resize(img, self.size, self.interpolation, self.max_size, self.antialias)
  File "/home/scur2410/miniconda3/envs/earth/lib/python3.10/site-packages/torchvision/transforms/functional.py", line 479, in resize
    return F_t.resize(img, size=output_size, interpolation=interpolation.value, antialias=antialias)
  File "/home/scur2410/miniconda3/envs/earth/lib/python3.10/site-packages/torchvision/transforms/_functional_tensor.py", line 467, in resize
    img = interpolate(img, size=size, mode=interpolation, align_corners=align_corners, antialias=antialias)
  File "/home/scur2410/miniconda3/envs/earth/lib/python3.10/site-packages/torch/nn/functional.py", line 4678, in interpolate
    return torch._C._nn._upsample_bilinear2d_aa(
KeyboardInterrupt

