2025-04-08 15:52:01   main.py --matcher master --max_num_keypoints 2048 --img_size 512 --data_dir data --log_dir out_sift-lg --save_images --device cuda
2025-04-08 15:52:01   Arguments: Namespace(matcher='master', max_num_keypoints=2048, num_iterations=4, img_size=512, save_images=True, device='cuda', data_dir='data', log_dir='out_sift-lg')
2025-04-08 15:52:01   The outputs are being saved in logs/out_sift-lg/2025-04-08_15-52-01
2025-04-08 15:52:10   @-35.4@-72.5@-34.0@-71.0@29@1150@75@ISS050-E-35441@ pred_idx=0 iteration=00 MSG4_ERROR Error too many values to unpack (expected 4)
2025-04-08 15:52:10   @-35.4@-72.5@-34.0@-71.0@29@1150@75@ISS050-E-35441@ pred_idx=1 iteration=00 MSG4_ERROR Error too many values to unpack (expected 4)
2025-04-08 15:52:11   @-35.4@-72.5@-34.0@-71.0@29@1150@75@ISS050-E-35441@ pred_idx=2 iteration=00 MSG4_ERROR Error too many values to unpack (expected 4)
2025-04-08 15:52:11   @-35.4@-72.5@-34.0@-71.0@29@1150@75@ISS050-E-35441@ pred_idx=3 iteration=00 MSG4_ERROR Error too many values to unpack (expected 4)
2025-04-08 15:52:12   @-35.4@-72.5@-34.0@-71.0@29@1150@75@ISS050-E-35441@ pred_idx=4 iteration=00 MSG4_ERROR Error too many values to unpack (expected 4)
2025-04-08 15:52:13   @-35.4@-72.5@-34.0@-71.0@29@1150@75@ISS050-E-35441@ pred_idx=5 iteration=00 MSG4_ERROR Error too many values to unpack (expected 4)
2025-04-08 15:52:13   @-35.4@-72.5@-34.0@-71.0@29@1150@75@ISS050-E-35441@ pred_idx=6 iteration=00 MSG4_ERROR Error too many values to unpack (expected 4)
2025-04-08 15:52:14   @-35.4@-72.5@-34.0@-71.0@29@1150@75@ISS050-E-35441@ pred_idx=7 iteration=00 MSG4_ERROR Error too many values to unpack (expected 4)
2025-04-08 15:52:14   @-35.4@-72.5@-34.0@-71.0@29@1150@75@ISS050-E-35441@ pred_idx=8 iteration=00 MSG4_ERROR Error too many values to unpack (expected 4)
2025-04-08 15:52:15   @-35.4@-72.5@-34.0@-71.0@29@1150@75@ISS050-E-35441@ pred_idx=9 iteration=00 MSG4_ERROR Error too many values to unpack (expected 4)
2025-04-08 15:52:16   @36.4@38.2@35.4@39.3@0@1150@10@ISS050-E-70536@ pred_idx=0 iteration=00 MSG4_ERROR Error too many values to unpack (expected 4)
2025-04-08 15:52:16   @36.4@38.2@35.4@39.3@0@1150@10@ISS050-E-70536@ pred_idx=1 iteration=00 MSG4_ERROR Error too many values to unpack (expected 4)
2025-04-08 15:52:17   @36.4@38.2@35.4@39.3@0@1150@10@ISS050-E-70536@ pred_idx=2 iteration=00 MSG4_ERROR Error too many values to unpack (expected 4)
2025-04-08 15:52:17   @36.4@38.2@35.4@39.3@0@1150@10@ISS050-E-70536@ pred_idx=3 iteration=00 MSG4_ERROR Error too many values to unpack (expected 4)
2025-04-08 15:52:18   @36.4@38.2@35.4@39.3@0@1150@10@ISS050-E-70536@ pred_idx=4 iteration=00 MSG4_ERROR Error too many values to unpack (expected 4)
2025-04-08 15:52:19   @36.4@38.2@35.4@39.3@0@1150@10@ISS050-E-70536@ pred_idx=5 iteration=00 MSG4_ERROR Error too many values to unpack (expected 4)
2025-04-08 15:52:19   @36.4@38.2@35.4@39.3@0@1150@10@ISS050-E-70536@ pred_idx=6 iteration=00 MSG4_ERROR Error too many values to unpack (expected 4)
2025-04-08 15:52:20   @36.4@38.2@35.4@39.3@0@1150@10@ISS050-E-70536@ pred_idx=7 iteration=00 MSG4_ERROR Error too many values to unpack (expected 4)
2025-04-08 15:52:21   @36.4@38.2@35.4@39.3@0@1150@10@ISS050-E-70536@ pred_idx=8 iteration=00 MSG4_ERROR Error too many values to unpack (expected 4)
2025-04-08 15:52:21   @36.4@38.2@35.4@39.3@0@1150@10@ISS050-E-70536@ pred_idx=9 iteration=00 MSG4_ERROR Error too many values to unpack (expected 4)
2025-04-08 15:52:22   @46.2@9.0@46.6@10.7@26@1150@10@ISS051-E-12869@ pred_idx=0 iteration=00 MSG4_ERROR Error too many values to unpack (expected 4)
2025-04-08 15:52:23   @46.2@9.0@46.6@10.7@26@1150@10@ISS051-E-12869@ pred_idx=1 iteration=00 MSG4_ERROR Error too many values to unpack (expected 4)
2025-04-08 15:52:23   @46.2@9.0@46.6@10.7@26@1150@10@ISS051-E-12869@ pred_idx=2 iteration=00 MSG4_ERROR Error too many values to unpack (expected 4)
2025-04-08 15:52:24   @46.2@9.0@46.6@10.7@26@1150@10@ISS051-E-12869@ pred_idx=3 iteration=00 MSG4_ERROR Error too many values to unpack (expected 4)
2025-04-08 15:52:24   @46.2@9.0@46.6@10.7@26@1150@10@ISS051-E-12869@ pred_idx=4 iteration=00 MSG4_ERROR Error too many values to unpack (expected 4)
2025-04-08 15:52:25   @46.2@9.0@46.6@10.7@26@1150@10@ISS051-E-12869@ pred_idx=5 iteration=00 MSG4_ERROR Error too many values to unpack (expected 4)
2025-04-08 15:52:26   @46.2@9.0@46.6@10.7@26@1150@10@ISS051-E-12869@ pred_idx=6 iteration=00 MSG4_ERROR Error too many values to unpack (expected 4)
2025-04-08 15:52:26   @46.2@9.0@46.6@10.7@26@1150@10@ISS051-E-12869@ pred_idx=7 iteration=00 MSG4_ERROR Error too many values to unpack (expected 4)
2025-04-08 15:52:27   @46.2@9.0@46.6@10.7@26@1150@10@ISS051-E-12869@ pred_idx=8 iteration=00 MSG4_ERROR Error too many values to unpack (expected 4)
2025-04-08 15:52:28   @46.2@9.0@46.6@10.7@26@1150@10@ISS051-E-12869@ pred_idx=9 iteration=00 MSG4_ERROR Error too many values to unpack (expected 4)
2025-04-08 15:52:28   @45.0@-93.3@44.4@-93.1@0@1150@10@ISS051-E-43872@ pred_idx=0 iteration=00 MSG4_ERROR Error too many values to unpack (expected 4)
2025-04-08 15:52:29   @45.0@-93.3@44.4@-93.1@0@1150@10@ISS051-E-43872@ pred_idx=1 iteration=00 MSG4_ERROR Error too many values to unpack (expected 4)
2025-04-08 15:52:30   @45.0@-93.3@44.4@-93.1@0@1150@10@ISS051-E-43872@ pred_idx=2 iteration=00 MSG4_ERROR Error too many values to unpack (expected 4)
2025-04-08 15:52:30   @45.0@-93.3@44.4@-93.1@0@1150@10@ISS051-E-43872@ pred_idx=3 iteration=00 MSG4_ERROR Error too many values to unpack (expected 4)
2025-04-08 15:52:31   @45.0@-93.3@44.4@-93.1@0@1150@10@ISS051-E-43872@ pred_idx=4 iteration=00 MSG4_ERROR Error too many values to unpack (expected 4)
2025-04-08 15:52:32   @45.0@-93.3@44.4@-93.1@0@1150@10@ISS051-E-43872@ pred_idx=5 iteration=00 MSG4_ERROR Error too many values to unpack (expected 4)
2025-04-08 15:52:32   @45.0@-93.3@44.4@-93.1@0@1150@10@ISS051-E-43872@ pred_idx=6 iteration=00 MSG4_ERROR Error too many values to unpack (expected 4)
2025-04-08 15:52:33   @45.0@-93.3@44.4@-93.1@0@1150@10@ISS051-E-43872@ pred_idx=7 iteration=00 MSG4_ERROR Error too many values to unpack (expected 4)
2025-04-08 15:52:33   @45.0@-93.3@44.4@-93.1@0@1150@10@ISS051-E-43872@ pred_idx=8 iteration=00 MSG4_ERROR Error too many values to unpack (expected 4)
2025-04-08 15:52:34   @45.0@-93.3@44.4@-93.1@0@1150@10@ISS051-E-43872@ pred_idx=9 iteration=00 MSG4_ERROR Error too many values to unpack (expected 4)
2025-04-08 15:52:35   @-30.0@24.8@-30.4@26.9@0@1150@10@ISS051-E-52457@ pred_idx=0 iteration=00 MSG4_ERROR Error too many values to unpack (expected 4)
2025-04-08 15:52:35   @-30.0@24.8@-30.4@26.9@0@1150@10@ISS051-E-52457@ pred_idx=1 iteration=00 MSG4_ERROR Error too many values to unpack (expected 4)
2025-04-08 15:52:36   @-30.0@24.8@-30.4@26.9@0@1150@10@ISS051-E-52457@ pred_idx=2 iteration=00 MSG4_ERROR Error too many values to unpack (expected 4)
2025-04-08 15:52:37   @-30.0@24.8@-30.4@26.9@0@1150@10@ISS051-E-52457@ pred_idx=3 iteration=00 MSG4_ERROR Error too many values to unpack (expected 4)
2025-04-08 15:52:37   @-30.0@24.8@-30.4@26.9@0@1150@10@ISS051-E-52457@ pred_idx=4 iteration=00 MSG4_ERROR Error too many values to unpack (expected 4)
2025-04-08 15:52:38   @-30.0@24.8@-30.4@26.9@0@1150@10@ISS051-E-52457@ pred_idx=5 iteration=00 MSG4_ERROR Error too many values to unpack (expected 4)
2025-04-08 15:52:39   @-30.0@24.8@-30.4@26.9@0@1150@10@ISS051-E-52457@ pred_idx=6 iteration=00 MSG4_ERROR Error too many values to unpack (expected 4)
2025-04-08 15:52:39   @-30.0@24.8@-30.4@26.9@0@1150@10@ISS051-E-52457@ pred_idx=7 iteration=00 MSG4_ERROR Error too many values to unpack (expected 4)
2025-04-08 15:52:40   @-30.0@24.8@-30.4@26.9@0@1150@10@ISS051-E-52457@ pred_idx=8 iteration=00 MSG4_ERROR Error too many values to unpack (expected 4)
2025-04-08 15:52:40   @-30.0@24.8@-30.4@26.9@0@1150@10@ISS051-E-52457@ pred_idx=9 iteration=00 MSG4_ERROR Error too many values to unpack (expected 4)
2025-04-08 15:52:41   @51.9@35.2@50.7@38.1@41@1150@10@ISS052-E-10192@ pred_idx=0 iteration=00 MSG4_ERROR Error too many values to unpack (expected 4)
2025-04-08 15:52:42   @51.9@35.2@50.7@38.1@41@1150@10@ISS052-E-10192@ pred_idx=1 iteration=00 MSG4_ERROR Error too many values to unpack (expected 4)
2025-04-08 15:52:42   @51.9@35.2@50.7@38.1@41@1150@10@ISS052-E-10192@ pred_idx=2 iteration=00 MSG4_ERROR Error too many values to unpack (expected 4)
2025-04-08 15:52:43   @51.9@35.2@50.7@38.1@41@1150@10@ISS052-E-10192@ pred_idx=3 iteration=00 MSG4_ERROR Error too many values to unpack (expected 4)
2025-04-08 15:52:44   @51.9@35.2@50.7@38.1@41@1150@10@ISS052-E-10192@ pred_idx=4 iteration=00 MSG4_ERROR Error too many values to unpack (expected 4)
2025-04-08 15:52:44   @51.9@35.2@50.7@38.1@41@1150@10@ISS052-E-10192@ pred_idx=5 iteration=00 MSG4_ERROR Error too many values to unpack (expected 4)
2025-04-08 15:52:45   @51.9@35.2@50.7@38.1@41@1150@10@ISS052-E-10192@ pred_idx=6 iteration=00 MSG4_ERROR Error too many values to unpack (expected 4)
2025-04-08 15:52:46   @51.9@35.2@50.7@38.1@41@1150@10@ISS052-E-10192@ pred_idx=7 iteration=00 MSG4_ERROR Error too many values to unpack (expected 4)
2025-04-08 15:52:46   @51.9@35.2@50.7@38.1@41@1150@10@ISS052-E-10192@ pred_idx=8 iteration=00 MSG4_ERROR Error too many values to unpack (expected 4)
2025-04-08 15:52:47   @51.9@35.2@50.7@38.1@41@1150@10@ISS052-E-10192@ pred_idx=9 iteration=00 MSG4_ERROR Error too many values to unpack (expected 4)
2025-04-08 15:52:47   @-30.5@-50.4@-31.4@-48.7@27@1150@10@ISS052-E-14188@ pred_idx=0 iteration=00 MSG4_ERROR Error too many values to unpack (expected 4)
2025-04-08 15:52:48   @-30.5@-50.4@-31.4@-48.7@27@1150@10@ISS052-E-14188@ pred_idx=1 iteration=00 MSG4_ERROR Error too many values to unpack (expected 4)
2025-04-08 15:52:49   @-30.5@-50.4@-31.4@-48.7@27@1150@10@ISS052-E-14188@ pred_idx=2 iteration=00 MSG4_ERROR Error too many values to unpack (expected 4)
2025-04-08 15:52:49   @-30.5@-50.4@-31.4@-48.7@27@1150@10@ISS052-E-14188@ pred_idx=3 iteration=00 MSG4_ERROR Error too many values to unpack (expected 4)
2025-04-08 15:52:50   @-30.5@-50.4@-31.4@-48.7@27@1150@10@ISS052-E-14188@ pred_idx=4 iteration=00 MSG4_ERROR Error too many values to unpack (expected 4)
2025-04-08 15:52:51   @-30.5@-50.4@-31.4@-48.7@27@1150@10@ISS052-E-14188@ pred_idx=5 iteration=00 MSG4_ERROR Error too many values to unpack (expected 4)
2025-04-08 15:52:51   @-30.5@-50.4@-31.4@-48.7@27@1150@10@ISS052-E-14188@ pred_idx=6 iteration=00 MSG4_ERROR Error too many values to unpack (expected 4)
2025-04-08 15:52:52   @-30.5@-50.4@-31.4@-48.7@27@1150@10@ISS052-E-14188@ pred_idx=7 iteration=00 MSG4_ERROR Error too many values to unpack (expected 4)
2025-04-08 15:52:52   @-30.5@-50.4@-31.4@-48.7@27@1150@10@ISS052-E-14188@ pred_idx=8 iteration=00 MSG4_ERROR Error too many values to unpack (expected 4)
2025-04-08 15:52:53   @-30.5@-50.4@-31.4@-48.7@27@1150@10@ISS052-E-14188@ pred_idx=9 iteration=00 MSG4_ERROR Error too many values to unpack (expected 4)
2025-04-08 15:52:54   @43.5@17.1@44.9@17.8@24@400@75@ISS052-E-27335@ pred_idx=0 iteration=00 MSG4_ERROR Error too many values to unpack (expected 4)
2025-04-08 15:52:54   @43.5@17.1@44.9@17.8@24@400@75@ISS052-E-27335@ pred_idx=1 iteration=00 MSG4_ERROR Error too many values to unpack (expected 4)
2025-04-08 15:52:55   @43.5@17.1@44.9@17.8@24@400@75@ISS052-E-27335@ pred_idx=2 iteration=00 MSG4_ERROR Error too many values to unpack (expected 4)
2025-04-08 15:52:56   @43.5@17.1@44.9@17.8@24@400@75@ISS052-E-27335@ pred_idx=3 iteration=00 MSG4_ERROR Error too many values to unpack (expected 4)
2025-04-08 15:52:56   @43.5@17.1@44.9@17.8@24@400@75@ISS052-E-27335@ pred_idx=4 iteration=00 MSG4_ERROR Error too many values to unpack (expected 4)
2025-04-08 15:52:57   @43.5@17.1@44.9@17.8@24@400@75@ISS052-E-27335@ pred_idx=5 iteration=00 MSG4_ERROR Error too many values to unpack (expected 4)
2025-04-08 15:52:57   @43.5@17.1@44.9@17.8@24@400@75@ISS052-E-27335@ pred_idx=6 iteration=00 MSG4_ERROR Error too many values to unpack (expected 4)
2025-04-08 15:52:58   @43.5@17.1@44.9@17.8@24@400@75@ISS052-E-27335@ pred_idx=7 iteration=00 MSG4_ERROR Error too many values to unpack (expected 4)
2025-04-08 15:52:59   @43.5@17.1@44.9@17.8@24@400@75@ISS052-E-27335@ pred_idx=8 iteration=00 MSG4_ERROR Error too many values to unpack (expected 4)
2025-04-08 15:52:59   @43.5@17.1@44.9@17.8@24@400@75@ISS052-E-27335@ pred_idx=9 iteration=00 MSG4_ERROR Error too many values to unpack (expected 4)
2025-04-08 15:53:00   @8.2@-63.3@4.2@-62.1@49@500@50@ISS052-E-39552@ pred_idx=0 iteration=00 MSG4_ERROR Error too many values to unpack (expected 4)
2025-04-08 15:53:01   @8.2@-63.3@4.2@-62.1@49@500@50@ISS052-E-39552@ pred_idx=1 iteration=00 MSG4_ERROR Error too many values to unpack (expected 4)
2025-04-08 15:53:01   @8.2@-63.3@4.2@-62.1@49@500@50@ISS052-E-39552@ pred_idx=2 iteration=00 MSG4_ERROR Error too many values to unpack (expected 4)
2025-04-08 15:53:02   @8.2@-63.3@4.2@-62.1@49@500@50@ISS052-E-39552@ pred_idx=3 iteration=00 MSG4_ERROR Error too many values to unpack (expected 4)
2025-04-08 15:53:02   @8.2@-63.3@4.2@-62.1@49@500@50@ISS052-E-39552@ pred_idx=4 iteration=00 MSG4_ERROR Error too many values to unpack (expected 4)
2025-04-08 15:53:03   @8.2@-63.3@4.2@-62.1@49@500@50@ISS052-E-39552@ pred_idx=5 iteration=00 MSG4_ERROR Error too many values to unpack (expected 4)
2025-04-08 15:53:04   @8.2@-63.3@4.2@-62.1@49@500@50@ISS052-E-39552@ pred_idx=6 iteration=00 MSG4_ERROR Error too many values to unpack (expected 4)
2025-04-08 15:53:04   @8.2@-63.3@4.2@-62.1@49@500@50@ISS052-E-39552@ pred_idx=7 iteration=00 MSG4_ERROR Error too many values to unpack (expected 4)
2025-04-08 15:53:05   @8.2@-63.3@4.2@-62.1@49@500@50@ISS052-E-39552@ pred_idx=8 iteration=00 MSG4_ERROR Error too many values to unpack (expected 4)
2025-04-08 15:53:06   @8.2@-63.3@4.2@-62.1@49@500@50@ISS052-E-39552@ pred_idx=9 iteration=00 MSG4_ERROR Error too many values to unpack (expected 4)
2025-04-08 15:53:06   @34.3@42.3@33.6@41.1@21@95@10@ISS052-E-43456@ pred_idx=0 iteration=00 MSG4_ERROR Error too many values to unpack (expected 4)
2025-04-08 15:53:07   @34.3@42.3@33.6@41.1@21@95@10@ISS052-E-43456@ pred_idx=1 iteration=00 MSG4_ERROR Error too many values to unpack (expected 4)
2025-04-08 15:53:07   @34.3@42.3@33.6@41.1@21@95@10@ISS052-E-43456@ pred_idx=2 iteration=00 MSG4_ERROR Error too many values to unpack (expected 4)
2025-04-08 15:53:08   @34.3@42.3@33.6@41.1@21@95@10@ISS052-E-43456@ pred_idx=3 iteration=00 MSG4_ERROR Error too many values to unpack (expected 4)
2025-04-08 15:53:09   @34.3@42.3@33.6@41.1@21@95@10@ISS052-E-43456@ pred_idx=4 iteration=00 MSG4_ERROR Error too many values to unpack (expected 4)
2025-04-08 15:53:09   @34.3@42.3@33.6@41.1@21@95@10@ISS052-E-43456@ pred_idx=5 iteration=00 MSG4_ERROR Error too many values to unpack (expected 4)
2025-04-08 15:53:10   @34.3@42.3@33.6@41.1@21@95@10@ISS052-E-43456@ pred_idx=6 iteration=00 MSG4_ERROR Error too many values to unpack (expected 4)
2025-04-08 15:53:10   @34.3@42.3@33.6@41.1@21@95@10@ISS052-E-43456@ pred_idx=7 iteration=00 MSG4_ERROR Error too many values to unpack (expected 4)
2025-04-08 15:53:11   @34.3@42.3@33.6@41.1@21@95@10@ISS052-E-43456@ pred_idx=8 iteration=00 MSG4_ERROR Error too many values to unpack (expected 4)
2025-04-08 15:53:12   @34.3@42.3@33.6@41.1@21@95@10@ISS052-E-43456@ pred_idx=9 iteration=00 MSG4_ERROR Error too many values to unpack (expected 4)
2025-04-08 15:53:12   @8.6@-62.5@5.3@-63.9@44@210@75@ISS052-E-44668@ pred_idx=0 iteration=00 MSG4_ERROR Error too many values to unpack (expected 4)
2025-04-08 15:53:13   @8.6@-62.5@5.3@-63.9@44@210@75@ISS052-E-44668@ pred_idx=1 iteration=00 MSG4_ERROR Error too many values to unpack (expected 4)
2025-04-08 15:53:14   @8.6@-62.5@5.3@-63.9@44@210@75@ISS052-E-44668@ pred_idx=2 iteration=00 MSG4_ERROR Error too many values to unpack (expected 4)
2025-04-08 15:53:14   @8.6@-62.5@5.3@-63.9@44@210@75@ISS052-E-44668@ pred_idx=3 iteration=00 MSG4_ERROR Error too many values to unpack (expected 4)
2025-04-08 15:53:15   @8.6@-62.5@5.3@-63.9@44@210@75@ISS052-E-44668@ pred_idx=4 iteration=00 MSG4_ERROR Error too many values to unpack (expected 4)
2025-04-08 15:53:16   @8.6@-62.5@5.3@-63.9@44@210@75@ISS052-E-44668@ pred_idx=5 iteration=00 MSG4_ERROR Error too many values to unpack (expected 4)
2025-04-08 15:53:16   @8.6@-62.5@5.3@-63.9@44@210@75@ISS052-E-44668@ pred_idx=6 iteration=00 MSG4_ERROR Error too many values to unpack (expected 4)
2025-04-08 15:53:17   @8.6@-62.5@5.3@-63.9@44@210@75@ISS052-E-44668@ pred_idx=7 iteration=00 MSG4_ERROR Error too many values to unpack (expected 4)
2025-04-08 15:53:17   @8.6@-62.5@5.3@-63.9@44@210@75@ISS052-E-44668@ pred_idx=8 iteration=00 MSG4_ERROR Error too many values to unpack (expected 4)
2025-04-08 15:53:18   @8.6@-62.5@5.3@-63.9@44@210@75@ISS052-E-44668@ pred_idx=9 iteration=00 MSG4_ERROR Error too many values to unpack (expected 4)
2025-04-08 15:53:19   @8.6@-61.5@11.4@-61.9@38@400@50@ISS052-E-46802@ pred_idx=0 iteration=00 MSG4_ERROR Error too many values to unpack (expected 4)
2025-04-08 15:53:19   @8.6@-61.5@11.4@-61.9@38@400@50@ISS052-E-46802@ pred_idx=1 iteration=00 MSG4_ERROR Error too many values to unpack (expected 4)
2025-04-08 15:53:20   @8.6@-61.5@11.4@-61.9@38@400@50@ISS052-E-46802@ pred_idx=2 iteration=00 MSG4_ERROR Error too many values to unpack (expected 4)
2025-04-08 15:53:21   @8.6@-61.5@11.4@-61.9@38@400@50@ISS052-E-46802@ pred_idx=3 iteration=00 MSG4_ERROR Error too many values to unpack (expected 4)
2025-04-08 15:53:21   @8.6@-61.5@11.4@-61.9@38@400@50@ISS052-E-46802@ pred_idx=4 iteration=00 MSG4_ERROR Error too many values to unpack (expected 4)
2025-04-08 15:53:22   @8.6@-61.5@11.4@-61.9@38@400@50@ISS052-E-46802@ pred_idx=5 iteration=00 MSG4_ERROR Error too many values to unpack (expected 4)
2025-04-08 15:53:23   @8.6@-61.5@11.4@-61.9@38@400@50@ISS052-E-46802@ pred_idx=6 iteration=00 MSG4_ERROR Error too many values to unpack (expected 4)
2025-04-08 15:53:23   @8.6@-61.5@11.4@-61.9@38@400@50@ISS052-E-46802@ pred_idx=7 iteration=00 MSG4_ERROR Error too many values to unpack (expected 4)
2025-04-08 15:53:24   @8.6@-61.5@11.4@-61.9@38@400@50@ISS052-E-46802@ pred_idx=8 iteration=00 MSG4_ERROR Error too many values to unpack (expected 4)
2025-04-08 15:53:24   @8.6@-61.5@11.4@-61.9@38@400@50@ISS052-E-46802@ pred_idx=9 iteration=00 MSG4_ERROR Error too many values to unpack (expected 4)
2025-04-08 15:53:25   @37.8@-122.4@39.4@-122.8@25@1150@75@ISS052-E-78671@ pred_idx=0 iteration=00 MSG4_ERROR Error too many values to unpack (expected 4)
2025-04-08 15:53:26   @37.8@-122.4@39.4@-122.8@25@1150@75@ISS052-E-78671@ pred_idx=1 iteration=00 MSG4_ERROR Error too many values to unpack (expected 4)
2025-04-08 15:53:26   @37.8@-122.4@39.4@-122.8@25@1150@75@ISS052-E-78671@ pred_idx=2 iteration=00 MSG4_ERROR Error too many values to unpack (expected 4)
2025-04-08 15:53:27   @37.8@-122.4@39.4@-122.8@25@1150@75@ISS052-E-78671@ pred_idx=3 iteration=00 MSG4_ERROR Error too many values to unpack (expected 4)
2025-04-08 15:53:27   @37.8@-122.4@39.4@-122.8@25@1150@75@ISS052-E-78671@ pred_idx=4 iteration=00 MSG4_ERROR Error too many values to unpack (expected 4)
2025-04-08 15:53:28   @37.8@-122.4@39.4@-122.8@25@1150@75@ISS052-E-78671@ pred_idx=5 iteration=00 MSG4_ERROR Error too many values to unpack (expected 4)
2025-04-08 15:53:29   @37.8@-122.4@39.4@-122.8@25@1150@75@ISS052-E-78671@ pred_idx=6 iteration=00 MSG4_ERROR Error too many values to unpack (expected 4)
2025-04-08 15:53:29   @37.8@-122.4@39.4@-122.8@25@1150@75@ISS052-E-78671@ pred_idx=7 iteration=00 MSG4_ERROR Error too many values to unpack (expected 4)
2025-04-08 15:53:30   @37.8@-122.4@39.4@-122.8@25@1150@75@ISS052-E-78671@ pred_idx=8 iteration=00 MSG4_ERROR Error too many values to unpack (expected 4)
2025-04-08 15:53:30   @37.8@-122.4@39.4@-122.8@25@1150@75@ISS052-E-78671@ pred_idx=9 iteration=00 MSG4_ERROR Error too many values to unpack (expected 4)
2025-04-08 15:53:31   @37.4@-122.0@38.2@-121.0@20@1150@10@ISS052-E-78678@ pred_idx=0 iteration=00 MSG4_ERROR Error too many values to unpack (expected 4)
2025-04-08 15:53:32   @37.4@-122.0@38.2@-121.0@20@1150@10@ISS052-E-78678@ pred_idx=1 iteration=00 MSG4_ERROR Error too many values to unpack (expected 4)
2025-04-08 15:53:32   @37.4@-122.0@38.2@-121.0@20@1150@10@ISS052-E-78678@ pred_idx=2 iteration=00 MSG4_ERROR Error too many values to unpack (expected 4)
2025-04-08 15:53:33   @37.4@-122.0@38.2@-121.0@20@1150@10@ISS052-E-78678@ pred_idx=3 iteration=00 MSG4_ERROR Error too many values to unpack (expected 4)
2025-04-08 15:53:34   @37.4@-122.0@38.2@-121.0@20@1150@10@ISS052-E-78678@ pred_idx=4 iteration=00 MSG4_ERROR Error too many values to unpack (expected 4)
2025-04-08 15:53:34   @37.4@-122.0@38.2@-121.0@20@1150@10@ISS052-E-78678@ pred_idx=5 iteration=00 MSG4_ERROR Error too many values to unpack (expected 4)
2025-04-08 15:53:35   @37.4@-122.0@38.2@-121.0@20@1150@10@ISS052-E-78678@ pred_idx=6 iteration=00 MSG4_ERROR Error too many values to unpack (expected 4)
2025-04-08 15:53:36   @37.4@-122.0@38.2@-121.0@20@1150@10@ISS052-E-78678@ pred_idx=7 iteration=00 MSG4_ERROR Error too many values to unpack (expected 4)
2025-04-08 15:53:36   @37.4@-122.0@38.2@-121.0@20@1150@10@ISS052-E-78678@ pred_idx=8 iteration=00 MSG4_ERROR Error too many values to unpack (expected 4)
2025-04-08 15:53:37   @37.4@-122.0@38.2@-121.0@20@1150@10@ISS052-E-78678@ pred_idx=9 iteration=00 MSG4_ERROR Error too many values to unpack (expected 4)
2025-04-08 15:53:38   @49.2@8.4@50.3@12.5@50@1150@10@ISS052-E-8329@ pred_idx=0 iteration=00 MSG4_ERROR Error too many values to unpack (expected 4)
2025-04-08 15:53:38   @49.2@8.4@50.3@12.5@50@1150@10@ISS052-E-8329@ pred_idx=1 iteration=00 MSG4_ERROR Error too many values to unpack (expected 4)
2025-04-08 15:53:39   @49.2@8.4@50.3@12.5@50@1150@10@ISS052-E-8329@ pred_idx=2 iteration=00 MSG4_ERROR Error too many values to unpack (expected 4)
2025-04-08 15:53:39   @49.2@8.4@50.3@12.5@50@1150@10@ISS052-E-8329@ pred_idx=3 iteration=00 MSG4_ERROR Error too many values to unpack (expected 4)
2025-04-08 15:53:40   @49.2@8.4@50.3@12.5@50@1150@10@ISS052-E-8329@ pred_idx=4 iteration=00 MSG4_ERROR Error too many values to unpack (expected 4)
2025-04-08 15:53:41   @49.2@8.4@50.3@12.5@50@1150@10@ISS052-E-8329@ pred_idx=5 iteration=00 MSG4_ERROR Error too many values to unpack (expected 4)
2025-04-08 15:53:41   @49.2@8.4@50.3@12.5@50@1150@10@ISS052-E-8329@ pred_idx=6 iteration=00 MSG4_ERROR Error too many values to unpack (expected 4)
2025-04-08 15:53:42   @49.2@8.4@50.3@12.5@50@1150@10@ISS052-E-8329@ pred_idx=7 iteration=00 MSG4_ERROR Error too many values to unpack (expected 4)
2025-04-08 15:53:43   @49.2@8.4@50.3@12.5@50@1150@10@ISS052-E-8329@ pred_idx=8 iteration=00 MSG4_ERROR Error too many values to unpack (expected 4)
2025-04-08 15:53:43   @49.2@8.4@50.3@12.5@50@1150@10@ISS052-E-8329@ pred_idx=9 iteration=00 MSG4_ERROR Error too many values to unpack (expected 4)
2025-04-08 15:53:44   @37.7@45.5@37.2@46.7@20@95@25@ISS052-E-85735@ pred_idx=0 iteration=00 MSG4_ERROR Error too many values to unpack (expected 4)
2025-04-08 15:53:45   @37.7@45.5@37.2@46.7@20@95@25@ISS052-E-85735@ pred_idx=1 iteration=00 MSG4_ERROR Error too many values to unpack (expected 4)
2025-04-08 15:53:45   @37.7@45.5@37.2@46.7@20@95@25@ISS052-E-85735@ pred_idx=2 iteration=00 MSG4_ERROR Error too many values to unpack (expected 4)
2025-04-08 15:53:46   @37.7@45.5@37.2@46.7@20@95@25@ISS052-E-85735@ pred_idx=3 iteration=00 MSG4_ERROR Error too many values to unpack (expected 4)
2025-04-08 15:53:47   @37.7@45.5@37.2@46.7@20@95@25@ISS052-E-85735@ pred_idx=4 iteration=00 MSG4_ERROR Error too many values to unpack (expected 4)
2025-04-08 15:53:47   @37.7@45.5@37.2@46.7@20@95@25@ISS052-E-85735@ pred_idx=5 iteration=00 MSG4_ERROR Error too many values to unpack (expected 4)
2025-04-08 15:53:48   @37.7@45.5@37.2@46.7@20@95@25@ISS052-E-85735@ pred_idx=6 iteration=00 MSG4_ERROR Error too many values to unpack (expected 4)
2025-04-08 15:53:49   @37.7@45.5@37.2@46.7@20@95@25@ISS052-E-85735@ pred_idx=7 iteration=00 MSG4_ERROR Error too many values to unpack (expected 4)
2025-04-08 15:53:49   @37.7@45.5@37.2@46.7@20@95@25@ISS052-E-85735@ pred_idx=8 iteration=00 MSG4_ERROR Error too many values to unpack (expected 4)
2025-04-08 15:53:50   @37.7@45.5@37.2@46.7@20@95@25@ISS052-E-85735@ pred_idx=9 iteration=00 MSG4_ERROR Error too many values to unpack (expected 4)
2025-04-08 15:53:51   @53.7@-1.2@51.2@-1.9@36@1600@25@ISS053-E-127680@ pred_idx=0 iteration=00 MSG4_ERROR Error too many values to unpack (expected 4)
2025-04-08 15:53:51   @53.7@-1.2@51.2@-1.9@36@1600@25@ISS053-E-127680@ pred_idx=1 iteration=00 MSG4_ERROR Error too many values to unpack (expected 4)
2025-04-08 15:53:52   @53.7@-1.2@51.2@-1.9@36@1600@25@ISS053-E-127680@ pred_idx=2 iteration=00 MSG4_ERROR Error too many values to unpack (expected 4)
2025-04-08 15:53:53   @53.7@-1.2@51.2@-1.9@36@1600@25@ISS053-E-127680@ pred_idx=3 iteration=00 MSG4_ERROR Error too many values to unpack (expected 4)
2025-04-08 15:53:53   @53.7@-1.2@51.2@-1.9@36@1600@25@ISS053-E-127680@ pred_idx=4 iteration=00 MSG4_ERROR Error too many values to unpack (expected 4)
2025-04-08 15:53:54   @53.7@-1.2@51.2@-1.9@36@1600@25@ISS053-E-127680@ pred_idx=5 iteration=00 MSG4_ERROR Error too many values to unpack (expected 4)
2025-04-08 15:53:55   @53.7@-1.2@51.2@-1.9@36@1600@25@ISS053-E-127680@ pred_idx=6 iteration=00 MSG4_ERROR Error too many values to unpack (expected 4)
2025-04-08 15:53:55   @53.7@-1.2@51.2@-1.9@36@1600@25@ISS053-E-127680@ pred_idx=7 iteration=00 MSG4_ERROR Error too many values to unpack (expected 4)
2025-04-08 15:53:56   @53.7@-1.2@51.2@-1.9@36@1600@25@ISS053-E-127680@ pred_idx=8 iteration=00 MSG4_ERROR Error too many values to unpack (expected 4)
2025-04-08 15:53:57   @53.7@-1.2@51.2@-1.9@36@1600@25@ISS053-E-127680@ pred_idx=9 iteration=00 MSG4_ERROR Error too many values to unpack (expected 4)
2025-04-08 15:53:57   @-34.0@25.7@-33.8@24.3@0@800@10@ISS053-E-155926@ pred_idx=0 iteration=00 MSG4_ERROR Error too many values to unpack (expected 4)
2025-04-08 15:53:58   @-34.0@25.7@-33.8@24.3@0@800@10@ISS053-E-155926@ pred_idx=1 iteration=00 MSG4_ERROR Error too many values to unpack (expected 4)
2025-04-08 15:53:59   @-34.0@25.7@-33.8@24.3@0@800@10@ISS053-E-155926@ pred_idx=2 iteration=00 MSG4_ERROR Error too many values to unpack (expected 4)
2025-04-08 15:53:59   @-34.0@25.7@-33.8@24.3@0@800@10@ISS053-E-155926@ pred_idx=3 iteration=00 MSG4_ERROR Error too many values to unpack (expected 4)
2025-04-08 15:54:00   @-34.0@25.7@-33.8@24.3@0@800@10@ISS053-E-155926@ pred_idx=4 iteration=00 MSG4_ERROR Error too many values to unpack (expected 4)
2025-04-08 15:54:00   @-34.0@25.7@-33.8@24.3@0@800@10@ISS053-E-155926@ pred_idx=5 iteration=00 MSG4_ERROR Error too many values to unpack (expected 4)
2025-04-08 15:54:01   @-34.0@25.7@-33.8@24.3@0@800@10@ISS053-E-155926@ pred_idx=6 iteration=00 MSG4_ERROR Error too many values to unpack (expected 4)
2025-04-08 15:54:02   @-34.0@25.7@-33.8@24.3@0@800@10@ISS053-E-155926@ pred_idx=7 iteration=00 MSG4_ERROR Error too many values to unpack (expected 4)
2025-04-08 15:54:02   @-34.0@25.7@-33.8@24.3@0@800@10@ISS053-E-155926@ pred_idx=8 iteration=00 MSG4_ERROR Error too many values to unpack (expected 4)
2025-04-08 15:54:03   @-34.0@25.7@-33.8@24.3@0@800@10@ISS053-E-155926@ pred_idx=9 iteration=00 MSG4_ERROR Error too many values to unpack (expected 4)
2025-04-08 15:54:04   @-51.1@-73.0@-49.8@-71.8@26@1600@25@ISS054-E-21023@ pred_idx=0 iteration=00 MSG4_ERROR Error too many values to unpack (expected 4)
2025-04-08 15:54:04   @-51.1@-73.0@-49.8@-71.8@26@1600@25@ISS054-E-21023@ pred_idx=1 iteration=00 MSG4_ERROR Error too many values to unpack (expected 4)
2025-04-08 15:54:05   @-51.1@-73.0@-49.8@-71.8@26@1600@25@ISS054-E-21023@ pred_idx=2 iteration=00 MSG4_ERROR Error too many values to unpack (expected 4)
2025-04-08 15:54:06   @-51.1@-73.0@-49.8@-71.8@26@1600@25@ISS054-E-21023@ pred_idx=3 iteration=00 MSG4_ERROR Error too many values to unpack (expected 4)
2025-04-08 15:54:06   @-51.1@-73.0@-49.8@-71.8@26@1600@25@ISS054-E-21023@ pred_idx=4 iteration=00 MSG4_ERROR Error too many values to unpack (expected 4)
2025-04-08 15:54:07   @-51.1@-73.0@-49.8@-71.8@26@1600@25@ISS054-E-21023@ pred_idx=5 iteration=00 MSG4_ERROR Error too many values to unpack (expected 4)
2025-04-08 15:54:08   @-51.1@-73.0@-49.8@-71.8@26@1600@25@ISS054-E-21023@ pred_idx=6 iteration=00 MSG4_ERROR Error too many values to unpack (expected 4)
2025-04-08 15:54:09   @-51.1@-73.0@-49.8@-71.8@26@1600@25@ISS054-E-21023@ pred_idx=7 iteration=00 MSG4_ERROR Error too many values to unpack (expected 4)
2025-04-08 15:54:09   @-51.1@-73.0@-49.8@-71.8@26@1600@25@ISS054-E-21023@ pred_idx=8 iteration=00 MSG4_ERROR Error too many values to unpack (expected 4)
2025-04-08 15:54:10   @-51.1@-73.0@-49.8@-71.8@26@1600@25@ISS054-E-21023@ pred_idx=9 iteration=00 MSG4_ERROR Error too many values to unpack (expected 4)
2025-04-08 15:54:11   @35.6@140.1@35.1@148.0@0@460@10@ISS055-E-109234@ pred_idx=0 iteration=00 MSG4_ERROR Error too many values to unpack (expected 4)
2025-04-08 15:54:11   @35.6@140.1@35.1@148.0@0@460@10@ISS055-E-109234@ pred_idx=1 iteration=00 MSG4_ERROR Error too many values to unpack (expected 4)
2025-04-08 15:54:12   @35.6@140.1@35.1@148.0@0@460@10@ISS055-E-109234@ pred_idx=2 iteration=00 MSG4_ERROR Error too many values to unpack (expected 4)
2025-04-08 15:54:13   @35.6@140.1@35.1@148.0@0@460@10@ISS055-E-109234@ pred_idx=3 iteration=00 MSG4_ERROR Error too many values to unpack (expected 4)
2025-04-08 15:54:13   @35.6@140.1@35.1@148.0@0@460@10@ISS055-E-109234@ pred_idx=4 iteration=00 MSG4_ERROR Error too many values to unpack (expected 4)
2025-04-08 15:54:14   @35.6@140.1@35.1@148.0@0@460@10@ISS055-E-109234@ pred_idx=5 iteration=00 MSG4_ERROR Error too many values to unpack (expected 4)
2025-04-08 15:54:15   @35.6@140.1@35.1@148.0@0@460@10@ISS055-E-109234@ pred_idx=6 iteration=00 MSG4_ERROR Error too many values to unpack (expected 4)
2025-04-08 15:54:15   @35.6@140.1@35.1@148.0@0@460@10@ISS055-E-109234@ pred_idx=7 iteration=00 MSG4_ERROR Error too many values to unpack (expected 4)
2025-04-08 15:54:16   @35.6@140.1@35.1@148.0@0@460@10@ISS055-E-109234@ pred_idx=8 iteration=00 MSG4_ERROR Error too many values to unpack (expected 4)
2025-04-08 15:54:17   @35.6@140.1@35.1@148.0@0@460@10@ISS055-E-109234@ pred_idx=9 iteration=00 MSG4_ERROR Error too many values to unpack (expected 4)
2025-04-08 15:54:17   @34.5@-77.3@35.5@-80.0@0@1600@10@ISS055-E-115021@ pred_idx=0 iteration=00 MSG4_ERROR Error too many values to unpack (expected 4)
2025-04-08 15:54:18   @34.5@-77.3@35.5@-80.0@0@1600@10@ISS055-E-115021@ pred_idx=1 iteration=00 MSG4_ERROR Error too many values to unpack (expected 4)
2025-04-08 15:54:19   @34.5@-77.3@35.5@-80.0@0@1600@10@ISS055-E-115021@ pred_idx=2 iteration=00 MSG4_ERROR Error too many values to unpack (expected 4)
2025-04-08 15:54:19   @34.5@-77.3@35.5@-80.0@0@1600@10@ISS055-E-115021@ pred_idx=3 iteration=00 MSG4_ERROR Error too many values to unpack (expected 4)
2025-04-08 15:54:20   @34.5@-77.3@35.5@-80.0@0@1600@10@ISS055-E-115021@ pred_idx=4 iteration=00 MSG4_ERROR Error too many values to unpack (expected 4)
2025-04-08 15:54:21   @34.5@-77.3@35.5@-80.0@0@1600@10@ISS055-E-115021@ pred_idx=5 iteration=00 MSG4_ERROR Error too many values to unpack (expected 4)
2025-04-08 15:54:22   @34.5@-77.3@35.5@-80.0@0@1600@10@ISS055-E-115021@ pred_idx=6 iteration=00 MSG4_ERROR Error too many values to unpack (expected 4)
2025-04-08 15:54:22   @34.5@-77.3@35.5@-80.0@0@1600@10@ISS055-E-115021@ pred_idx=7 iteration=00 MSG4_ERROR Error too many values to unpack (expected 4)
2025-04-08 15:54:23   @34.5@-77.3@35.5@-80.0@0@1600@10@ISS055-E-115021@ pred_idx=8 iteration=00 MSG4_ERROR Error too many values to unpack (expected 4)
2025-04-08 15:54:24   @34.5@-77.3@35.5@-80.0@0@1600@10@ISS055-E-115021@ pred_idx=9 iteration=00 MSG4_ERROR Error too many values to unpack (expected 4)
2025-04-08 15:54:24   @43.0@-87.9@45.9@-89.7@0@1150@10@ISS055-E-115078@ pred_idx=0 iteration=00 MSG4_ERROR Error too many values to unpack (expected 4)
2025-04-08 15:54:25   @43.0@-87.9@45.9@-89.7@0@1150@10@ISS055-E-115078@ pred_idx=1 iteration=00 MSG4_ERROR Error too many values to unpack (expected 4)
2025-04-08 15:54:26   @43.0@-87.9@45.9@-89.7@0@1150@10@ISS055-E-115078@ pred_idx=2 iteration=00 MSG4_ERROR Error too many values to unpack (expected 4)
2025-04-08 15:54:26   @43.0@-87.9@45.9@-89.7@0@1150@10@ISS055-E-115078@ pred_idx=3 iteration=00 MSG4_ERROR Error too many values to unpack (expected 4)
2025-04-08 15:54:27   @43.0@-87.9@45.9@-89.7@0@1150@10@ISS055-E-115078@ pred_idx=4 iteration=00 MSG4_ERROR Error too many values to unpack (expected 4)
2025-04-08 15:54:28   @43.0@-87.9@45.9@-89.7@0@1150@10@ISS055-E-115078@ pred_idx=5 iteration=00 MSG4_ERROR Error too many values to unpack (expected 4)
2025-04-08 15:54:29   @43.0@-87.9@45.9@-89.7@0@1150@10@ISS055-E-115078@ pred_idx=6 iteration=00 MSG4_ERROR Error too many values to unpack (expected 4)
2025-04-08 15:54:29   @43.0@-87.9@45.9@-89.7@0@1150@10@ISS055-E-115078@ pred_idx=7 iteration=00 MSG4_ERROR Error too many values to unpack (expected 4)
2025-04-08 15:54:30   @43.0@-87.9@45.9@-89.7@0@1150@10@ISS055-E-115078@ pred_idx=8 iteration=00 MSG4_ERROR Error too many values to unpack (expected 4)
2025-04-08 15:54:31   @43.0@-87.9@45.9@-89.7@0@1150@10@ISS055-E-115078@ pred_idx=9 iteration=00 MSG4_ERROR Error too many values to unpack (expected 4)
2025-04-08 15:54:31   @38.0@-122.4@37.9@-121.5@0@1150@10@ISS055-E-27330@ pred_idx=0 iteration=00 MSG4_ERROR Error too many values to unpack (expected 4)
2025-04-08 15:54:32   @38.0@-122.4@37.9@-121.5@0@1150@10@ISS055-E-27330@ pred_idx=1 iteration=00 MSG4_ERROR Error too many values to unpack (expected 4)
2025-04-08 15:54:33   @38.0@-122.4@37.9@-121.5@0@1150@10@ISS055-E-27330@ pred_idx=2 iteration=00 MSG4_ERROR Error too many values to unpack (expected 4)
2025-04-08 15:54:33   @38.0@-122.4@37.9@-121.5@0@1150@10@ISS055-E-27330@ pred_idx=3 iteration=00 MSG4_ERROR Error too many values to unpack (expected 4)
2025-04-08 15:54:34   @38.0@-122.4@37.9@-121.5@0@1150@10@ISS055-E-27330@ pred_idx=4 iteration=00 MSG4_ERROR Error too many values to unpack (expected 4)
2025-04-08 15:54:35   @38.0@-122.4@37.9@-121.5@0@1150@10@ISS055-E-27330@ pred_idx=5 iteration=00 MSG4_ERROR Error too many values to unpack (expected 4)
2025-04-08 15:54:36   @38.0@-122.4@37.9@-121.5@0@1150@10@ISS055-E-27330@ pred_idx=6 iteration=00 MSG4_ERROR Error too many values to unpack (expected 4)
2025-04-08 15:54:36   @38.0@-122.4@37.9@-121.5@0@1150@10@ISS055-E-27330@ pred_idx=7 iteration=00 MSG4_ERROR Error too many values to unpack (expected 4)
2025-04-08 15:54:37   @38.0@-122.4@37.9@-121.5@0@1150@10@ISS055-E-27330@ pred_idx=8 iteration=00 MSG4_ERROR Error too many values to unpack (expected 4)
2025-04-08 15:54:38   @38.0@-122.4@37.9@-121.5@0@1150@10@ISS055-E-27330@ pred_idx=9 iteration=00 MSG4_ERROR Error too many values to unpack (expected 4)
2025-04-08 15:54:38   @30.1@-97.6@30.4@-100.4@0@1150@10@ISS055-E-27340@ pred_idx=0 iteration=00 MSG4_ERROR Error too many values to unpack (expected 4)
2025-04-08 15:54:39   @30.1@-97.6@30.4@-100.4@0@1150@10@ISS055-E-27340@ pred_idx=1 iteration=00 MSG4_ERROR Error too many values to unpack (expected 4)
2025-04-08 15:54:40   @30.1@-97.6@30.4@-100.4@0@1150@10@ISS055-E-27340@ pred_idx=2 iteration=00 MSG4_ERROR Error too many values to unpack (expected 4)
2025-04-08 15:54:40   @30.1@-97.6@30.4@-100.4@0@1150@10@ISS055-E-27340@ pred_idx=3 iteration=00 MSG4_ERROR Error too many values to unpack (expected 4)
2025-04-08 15:54:41   @30.1@-97.6@30.4@-100.4@0@1150@10@ISS055-E-27340@ pred_idx=4 iteration=00 MSG4_ERROR Error too many values to unpack (expected 4)
2025-04-08 15:54:42   @30.1@-97.6@30.4@-100.4@0@1150@10@ISS055-E-27340@ pred_idx=5 iteration=00 MSG4_ERROR Error too many values to unpack (expected 4)
2025-04-08 15:54:42   @30.1@-97.6@30.4@-100.4@0@1150@10@ISS055-E-27340@ pred_idx=6 iteration=00 MSG4_ERROR Error too many values to unpack (expected 4)
2025-04-08 15:54:43   @30.1@-97.6@30.4@-100.4@0@1150@10@ISS055-E-27340@ pred_idx=7 iteration=00 MSG4_ERROR Error too many values to unpack (expected 4)
2025-04-08 15:54:44   @30.1@-97.6@30.4@-100.4@0@1150@10@ISS055-E-27340@ pred_idx=8 iteration=00 MSG4_ERROR Error too many values to unpack (expected 4)
2025-04-08 15:54:44   @30.1@-97.6@30.4@-100.4@0@1150@10@ISS055-E-27340@ pred_idx=9 iteration=00 MSG4_ERROR Error too many values to unpack (expected 4)
2025-04-08 15:54:45   @19.4@-155.3@23.1@-154.5@46@1600@10@ISS055-E-69930@ pred_idx=0 iteration=00 MSG4_ERROR Error too many values to unpack (expected 4)
2025-04-08 15:54:46   @19.4@-155.3@23.1@-154.5@46@1600@10@ISS055-E-69930@ pred_idx=1 iteration=00 MSG4_ERROR Error too many values to unpack (expected 4)
2025-04-08 15:54:46   @19.4@-155.3@23.1@-154.5@46@1600@10@ISS055-E-69930@ pred_idx=2 iteration=00 MSG4_ERROR Error too many values to unpack (expected 4)
2025-04-08 15:54:47   @19.4@-155.3@23.1@-154.5@46@1600@10@ISS055-E-69930@ pred_idx=3 iteration=00 MSG4_ERROR Error too many values to unpack (expected 4)
2025-04-08 15:54:48   @19.4@-155.3@23.1@-154.5@46@1600@10@ISS055-E-69930@ pred_idx=4 iteration=00 MSG4_ERROR Error too many values to unpack (expected 4)
2025-04-08 15:54:49   @19.4@-155.3@23.1@-154.5@46@1600@10@ISS055-E-69930@ pred_idx=5 iteration=00 MSG4_ERROR Error too many values to unpack (expected 4)
2025-04-08 15:54:49   @19.4@-155.3@23.1@-154.5@46@1600@10@ISS055-E-69930@ pred_idx=6 iteration=00 MSG4_ERROR Error too many values to unpack (expected 4)
2025-04-08 15:54:50   @19.4@-155.3@23.1@-154.5@46@1600@10@ISS055-E-69930@ pred_idx=7 iteration=00 MSG4_ERROR Error too many values to unpack (expected 4)
2025-04-08 15:54:51   @19.4@-155.3@23.1@-154.5@46@1600@10@ISS055-E-69930@ pred_idx=8 iteration=00 MSG4_ERROR Error too many values to unpack (expected 4)
2025-04-08 15:54:51   @19.4@-155.3@23.1@-154.5@46@1600@10@ISS055-E-69930@ pred_idx=9 iteration=00 MSG4_ERROR Error too many values to unpack (expected 4)
2025-04-08 15:54:52   @38.9@-75.1@36.7@-73.3@38@200@75@ISS055-E-7189@ pred_idx=0 iteration=00 MSG4_ERROR Error too many values to unpack (expected 4)
2025-04-08 15:54:53   @38.9@-75.1@36.7@-73.3@38@200@75@ISS055-E-7189@ pred_idx=1 iteration=00 MSG4_ERROR Error too many values to unpack (expected 4)
2025-04-08 15:54:53   @38.9@-75.1@36.7@-73.3@38@200@75@ISS055-E-7189@ pred_idx=2 iteration=00 MSG4_ERROR Error too many values to unpack (expected 4)
2025-04-08 15:54:54   @38.9@-75.1@36.7@-73.3@38@200@75@ISS055-E-7189@ pred_idx=3 iteration=00 MSG4_ERROR Error too many values to unpack (expected 4)
2025-04-08 15:54:55   @38.9@-75.1@36.7@-73.3@38@200@75@ISS055-E-7189@ pred_idx=4 iteration=00 MSG4_ERROR Error too many values to unpack (expected 4)
2025-04-08 15:54:55   @38.9@-75.1@36.7@-73.3@38@200@75@ISS055-E-7189@ pred_idx=5 iteration=00 MSG4_ERROR Error too many values to unpack (expected 4)
2025-04-08 15:54:56   
Traceback (most recent call last):
  File "/gpfs/home3/scur2410/EarthMatch_Master_Duster/main.py", line 74, in <module>
    surrounding_image = matcher.image_loader(pred_path, args.img_size*3).to(args.device)
  File "/gpfs/home3/scur2410/EarthMatch_Master_Duster/image-matching-models/matching/im_models/base_matcher.py", line 46, in image_loader
    return BaseMatcher.load_image(path, resize, rot_angle)
  File "/gpfs/home3/scur2410/EarthMatch_Master_Duster/image-matching-models/matching/im_models/base_matcher.py", line 55, in load_image
    img = tfm.functional.rotate(img, rot_angle)
  File "/home/scur2410/miniconda3/envs/earth/lib/python3.10/site-packages/torchvision/transforms/functional.py", line 1132, in rotate
    return F_t.rotate(img, matrix=matrix, interpolation=interpolation.value, expand=expand, fill=fill)
  File "/home/scur2410/miniconda3/envs/earth/lib/python3.10/site-packages/torchvision/transforms/_functional_tensor.py", line 667, in rotate
    grid = _gen_affine_grid(theta, w=w, h=h, ow=ow, oh=oh)
  File "/home/scur2410/miniconda3/envs/earth/lib/python3.10/site-packages/torchvision/transforms/_functional_tensor.py", line 601, in _gen_affine_grid
    output_grid = base_grid.view(1, oh * ow, 3).bmm(rescaled_theta)
KeyboardInterrupt

