2025-04-08 16:12:41   main.py --matcher sift-lg --max_num_keypoints 2048 --img_size 512 --data_dir data --log_dir out_sift-lg --save_images --device cuda
2025-04-08 16:12:41   Arguments: Namespace(matcher='sift-lg', max_num_keypoints=2048, num_iterations=4, img_size=512, save_images=True, device='cuda', data_dir='data', log_dir='out_sift-lg')
2025-04-08 16:12:41   The outputs are being saved in logs/out_sift-lg/2025-04-08_16-12-41
2025-04-08 16:12:43   @-35.4@-72.5@-34.0@-71.0@29@1150@75@ISS050-E-35441@ pred_idx=0 iteration=00 MSG4_ERROR Error too many values to unpack (expected 4)
2025-04-08 16:12:44   @-35.4@-72.5@-34.0@-71.0@29@1150@75@ISS050-E-35441@ pred_idx=1 iteration=00 MSG4_ERROR Error too many values to unpack (expected 4)
2025-04-08 16:12:45   @-35.4@-72.5@-34.0@-71.0@29@1150@75@ISS050-E-35441@ pred_idx=2 iteration=00 MSG4_ERROR Error too many values to unpack (expected 4)
2025-04-08 16:12:45   @-35.4@-72.5@-34.0@-71.0@29@1150@75@ISS050-E-35441@ pred_idx=3 iteration=00 MSG4_ERROR Error too many values to unpack (expected 4)
2025-04-08 16:12:46   @-35.4@-72.5@-34.0@-71.0@29@1150@75@ISS050-E-35441@ pred_idx=4 iteration=00 MSG4_ERROR Error too many values to unpack (expected 4)
2025-04-08 16:12:47   @-35.4@-72.5@-34.0@-71.0@29@1150@75@ISS050-E-35441@ pred_idx=5 iteration=00 MSG4_ERROR Error too many values to unpack (expected 4)
2025-04-08 16:12:48   @-35.4@-72.5@-34.0@-71.0@29@1150@75@ISS050-E-35441@ pred_idx=6 iteration=00 MSG4_ERROR Error too many values to unpack (expected 4)
2025-04-08 16:12:48   @-35.4@-72.5@-34.0@-71.0@29@1150@75@ISS050-E-35441@ pred_idx=7 iteration=00 MSG4_ERROR Error too many values to unpack (expected 4)
2025-04-08 16:12:49   @-35.4@-72.5@-34.0@-71.0@29@1150@75@ISS050-E-35441@ pred_idx=8 iteration=00 MSG4_ERROR Error too many values to unpack (expected 4)
2025-04-08 16:12:50   @-35.4@-72.5@-34.0@-71.0@29@1150@75@ISS050-E-35441@ pred_idx=9 iteration=00 MSG4_ERROR Error too many values to unpack (expected 4)
2025-04-08 16:12:51   @36.4@38.2@35.4@39.3@0@1150@10@ISS050-E-70536@ pred_idx=0 iteration=00 MSG4_ERROR Error too many values to unpack (expected 4)
2025-04-08 16:12:51   @36.4@38.2@35.4@39.3@0@1150@10@ISS050-E-70536@ pred_idx=1 iteration=00 MSG4_ERROR Error too many values to unpack (expected 4)
2025-04-08 16:12:52   @36.4@38.2@35.4@39.3@0@1150@10@ISS050-E-70536@ pred_idx=2 iteration=00 MSG4_ERROR Error too many values to unpack (expected 4)
2025-04-08 16:12:53   @36.4@38.2@35.4@39.3@0@1150@10@ISS050-E-70536@ pred_idx=3 iteration=00 MSG4_ERROR Error too many values to unpack (expected 4)
2025-04-08 16:12:54   @36.4@38.2@35.4@39.3@0@1150@10@ISS050-E-70536@ pred_idx=4 iteration=00 MSG4_ERROR Error too many values to unpack (expected 4)
2025-04-08 16:12:54   @36.4@38.2@35.4@39.3@0@1150@10@ISS050-E-70536@ pred_idx=5 iteration=00 MSG4_ERROR Error too many values to unpack (expected 4)
2025-04-08 16:12:55   @36.4@38.2@35.4@39.3@0@1150@10@ISS050-E-70536@ pred_idx=6 iteration=00 MSG4_ERROR Error too many values to unpack (expected 4)
2025-04-08 16:12:56   @36.4@38.2@35.4@39.3@0@1150@10@ISS050-E-70536@ pred_idx=7 iteration=00 MSG4_ERROR Error too many values to unpack (expected 4)
2025-04-08 16:12:57   @36.4@38.2@35.4@39.3@0@1150@10@ISS050-E-70536@ pred_idx=8 iteration=00 MSG4_ERROR Error too many values to unpack (expected 4)
2025-04-08 16:12:57   @36.4@38.2@35.4@39.3@0@1150@10@ISS050-E-70536@ pred_idx=9 iteration=00 MSG4_ERROR Error too many values to unpack (expected 4)
2025-04-08 16:12:58   @46.2@9.0@46.6@10.7@26@1150@10@ISS051-E-12869@ pred_idx=0 iteration=00 MSG4_ERROR Error too many values to unpack (expected 4)
2025-04-08 16:12:59   @46.2@9.0@46.6@10.7@26@1150@10@ISS051-E-12869@ pred_idx=1 iteration=00 MSG4_ERROR Error too many values to unpack (expected 4)
2025-04-08 16:13:00   @46.2@9.0@46.6@10.7@26@1150@10@ISS051-E-12869@ pred_idx=2 iteration=00 MSG4_ERROR Error too many values to unpack (expected 4)
2025-04-08 16:13:00   @46.2@9.0@46.6@10.7@26@1150@10@ISS051-E-12869@ pred_idx=3 iteration=00 MSG4_ERROR Error too many values to unpack (expected 4)
2025-04-08 16:13:01   @46.2@9.0@46.6@10.7@26@1150@10@ISS051-E-12869@ pred_idx=4 iteration=00 MSG4_ERROR Error too many values to unpack (expected 4)
2025-04-08 16:13:02   @46.2@9.0@46.6@10.7@26@1150@10@ISS051-E-12869@ pred_idx=5 iteration=00 MSG4_ERROR Error too many values to unpack (expected 4)
2025-04-08 16:13:03   @46.2@9.0@46.6@10.7@26@1150@10@ISS051-E-12869@ pred_idx=6 iteration=00 MSG4_ERROR Error too many values to unpack (expected 4)
2025-04-08 16:13:03   @46.2@9.0@46.6@10.7@26@1150@10@ISS051-E-12869@ pred_idx=7 iteration=00 MSG4_ERROR Error too many values to unpack (expected 4)
2025-04-08 16:13:04   @46.2@9.0@46.6@10.7@26@1150@10@ISS051-E-12869@ pred_idx=8 iteration=00 MSG4_ERROR Error too many values to unpack (expected 4)
2025-04-08 16:13:05   @46.2@9.0@46.6@10.7@26@1150@10@ISS051-E-12869@ pred_idx=9 iteration=00 MSG4_ERROR Error too many values to unpack (expected 4)
2025-04-08 16:13:06   @45.0@-93.3@44.4@-93.1@0@1150@10@ISS051-E-43872@ pred_idx=0 iteration=00 MSG4_ERROR Error too many values to unpack (expected 4)
2025-04-08 16:13:07   @45.0@-93.3@44.4@-93.1@0@1150@10@ISS051-E-43872@ pred_idx=1 iteration=00 MSG4_ERROR Error too many values to unpack (expected 4)
2025-04-08 16:13:07   @45.0@-93.3@44.4@-93.1@0@1150@10@ISS051-E-43872@ pred_idx=2 iteration=00 MSG4_ERROR Error too many values to unpack (expected 4)
2025-04-08 16:13:08   @45.0@-93.3@44.4@-93.1@0@1150@10@ISS051-E-43872@ pred_idx=3 iteration=00 MSG4_ERROR Error too many values to unpack (expected 4)
2025-04-08 16:13:09   @45.0@-93.3@44.4@-93.1@0@1150@10@ISS051-E-43872@ pred_idx=4 iteration=00 MSG4_ERROR Error too many values to unpack (expected 4)
2025-04-08 16:13:10   @45.0@-93.3@44.4@-93.1@0@1150@10@ISS051-E-43872@ pred_idx=5 iteration=00 MSG4_ERROR Error too many values to unpack (expected 4)
2025-04-08 16:13:10   @45.0@-93.3@44.4@-93.1@0@1150@10@ISS051-E-43872@ pred_idx=6 iteration=00 MSG4_ERROR Error too many values to unpack (expected 4)
2025-04-08 16:13:11   @45.0@-93.3@44.4@-93.1@0@1150@10@ISS051-E-43872@ pred_idx=7 iteration=00 MSG4_ERROR Error too many values to unpack (expected 4)
2025-04-08 16:13:12   @45.0@-93.3@44.4@-93.1@0@1150@10@ISS051-E-43872@ pred_idx=8 iteration=00 MSG4_ERROR Error too many values to unpack (expected 4)
2025-04-08 16:13:13   @45.0@-93.3@44.4@-93.1@0@1150@10@ISS051-E-43872@ pred_idx=9 iteration=00 MSG4_ERROR Error too many values to unpack (expected 4)
2025-04-08 16:13:14   @-30.0@24.8@-30.4@26.9@0@1150@10@ISS051-E-52457@ pred_idx=0 iteration=00 MSG4_ERROR Error too many values to unpack (expected 4)
2025-04-08 16:13:14   @-30.0@24.8@-30.4@26.9@0@1150@10@ISS051-E-52457@ pred_idx=1 iteration=00 MSG4_ERROR Error too many values to unpack (expected 4)
2025-04-08 16:13:15   @-30.0@24.8@-30.4@26.9@0@1150@10@ISS051-E-52457@ pred_idx=2 iteration=00 MSG4_ERROR Error too many values to unpack (expected 4)
2025-04-08 16:13:16   @-30.0@24.8@-30.4@26.9@0@1150@10@ISS051-E-52457@ pred_idx=3 iteration=00 MSG4_ERROR Error too many values to unpack (expected 4)
2025-04-08 16:13:17   @-30.0@24.8@-30.4@26.9@0@1150@10@ISS051-E-52457@ pred_idx=4 iteration=00 MSG4_ERROR Error too many values to unpack (expected 4)
2025-04-08 16:13:17   @-30.0@24.8@-30.4@26.9@0@1150@10@ISS051-E-52457@ pred_idx=5 iteration=00 MSG4_ERROR Error too many values to unpack (expected 4)
2025-04-08 16:13:18   @-30.0@24.8@-30.4@26.9@0@1150@10@ISS051-E-52457@ pred_idx=6 iteration=00 MSG4_ERROR Error too many values to unpack (expected 4)
2025-04-08 16:13:19   @-30.0@24.8@-30.4@26.9@0@1150@10@ISS051-E-52457@ pred_idx=7 iteration=00 MSG4_ERROR Error too many values to unpack (expected 4)
2025-04-08 16:13:20   @-30.0@24.8@-30.4@26.9@0@1150@10@ISS051-E-52457@ pred_idx=8 iteration=00 MSG4_ERROR Error too many values to unpack (expected 4)
2025-04-08 16:13:20   @-30.0@24.8@-30.4@26.9@0@1150@10@ISS051-E-52457@ pred_idx=9 iteration=00 MSG4_ERROR Error too many values to unpack (expected 4)
2025-04-08 16:13:21   @51.9@35.2@50.7@38.1@41@1150@10@ISS052-E-10192@ pred_idx=0 iteration=00 MSG4_ERROR Error too many values to unpack (expected 4)
2025-04-08 16:13:22   @51.9@35.2@50.7@38.1@41@1150@10@ISS052-E-10192@ pred_idx=1 iteration=00 MSG4_ERROR Error too many values to unpack (expected 4)
2025-04-08 16:13:23   @51.9@35.2@50.7@38.1@41@1150@10@ISS052-E-10192@ pred_idx=2 iteration=00 MSG4_ERROR Error too many values to unpack (expected 4)
2025-04-08 16:13:23   @51.9@35.2@50.7@38.1@41@1150@10@ISS052-E-10192@ pred_idx=3 iteration=00 MSG4_ERROR Error too many values to unpack (expected 4)
2025-04-08 16:13:24   @51.9@35.2@50.7@38.1@41@1150@10@ISS052-E-10192@ pred_idx=4 iteration=00 MSG4_ERROR Error too many values to unpack (expected 4)
2025-04-08 16:13:25   @51.9@35.2@50.7@38.1@41@1150@10@ISS052-E-10192@ pred_idx=5 iteration=00 MSG4_ERROR Error too many values to unpack (expected 4)
2025-04-08 16:13:26   @51.9@35.2@50.7@38.1@41@1150@10@ISS052-E-10192@ pred_idx=6 iteration=00 MSG4_ERROR Error too many values to unpack (expected 4)
2025-04-08 16:13:26   @51.9@35.2@50.7@38.1@41@1150@10@ISS052-E-10192@ pred_idx=7 iteration=00 MSG4_ERROR Error too many values to unpack (expected 4)
2025-04-08 16:13:27   @51.9@35.2@50.7@38.1@41@1150@10@ISS052-E-10192@ pred_idx=8 iteration=00 MSG4_ERROR Error too many values to unpack (expected 4)
2025-04-08 16:13:28   @51.9@35.2@50.7@38.1@41@1150@10@ISS052-E-10192@ pred_idx=9 iteration=00 MSG4_ERROR Error too many values to unpack (expected 4)
2025-04-08 16:13:29   @-30.5@-50.4@-31.4@-48.7@27@1150@10@ISS052-E-14188@ pred_idx=0 iteration=00 MSG4_ERROR Error too many values to unpack (expected 4)
2025-04-08 16:13:29   @-30.5@-50.4@-31.4@-48.7@27@1150@10@ISS052-E-14188@ pred_idx=1 iteration=00 MSG4_ERROR Error too many values to unpack (expected 4)
2025-04-08 16:13:30   @-30.5@-50.4@-31.4@-48.7@27@1150@10@ISS052-E-14188@ pred_idx=2 iteration=00 MSG4_ERROR Error too many values to unpack (expected 4)
2025-04-08 16:13:31   @-30.5@-50.4@-31.4@-48.7@27@1150@10@ISS052-E-14188@ pred_idx=3 iteration=00 MSG4_ERROR Error too many values to unpack (expected 4)
2025-04-08 16:13:32   @-30.5@-50.4@-31.4@-48.7@27@1150@10@ISS052-E-14188@ pred_idx=4 iteration=00 MSG4_ERROR Error too many values to unpack (expected 4)
2025-04-08 16:13:32   @-30.5@-50.4@-31.4@-48.7@27@1150@10@ISS052-E-14188@ pred_idx=5 iteration=00 MSG4_ERROR Error too many values to unpack (expected 4)
2025-04-08 16:13:33   @-30.5@-50.4@-31.4@-48.7@27@1150@10@ISS052-E-14188@ pred_idx=6 iteration=00 MSG4_ERROR Error too many values to unpack (expected 4)
2025-04-08 16:13:34   @-30.5@-50.4@-31.4@-48.7@27@1150@10@ISS052-E-14188@ pred_idx=7 iteration=00 MSG4_ERROR Error too many values to unpack (expected 4)
2025-04-08 16:13:35   @-30.5@-50.4@-31.4@-48.7@27@1150@10@ISS052-E-14188@ pred_idx=8 iteration=00 MSG4_ERROR Error too many values to unpack (expected 4)
2025-04-08 16:13:35   @-30.5@-50.4@-31.4@-48.7@27@1150@10@ISS052-E-14188@ pred_idx=9 iteration=00 MSG4_ERROR Error too many values to unpack (expected 4)
2025-04-08 16:13:36   @43.5@17.1@44.9@17.8@24@400@75@ISS052-E-27335@ pred_idx=0 iteration=00 MSG4_ERROR Error too many values to unpack (expected 4)
2025-04-08 16:13:37   @43.5@17.1@44.9@17.8@24@400@75@ISS052-E-27335@ pred_idx=1 iteration=00 MSG4_ERROR Error too many values to unpack (expected 4)
2025-04-08 16:13:38   @43.5@17.1@44.9@17.8@24@400@75@ISS052-E-27335@ pred_idx=2 iteration=00 MSG4_ERROR Error too many values to unpack (expected 4)
2025-04-08 16:13:39   @43.5@17.1@44.9@17.8@24@400@75@ISS052-E-27335@ pred_idx=3 iteration=00 MSG4_ERROR Error too many values to unpack (expected 4)
2025-04-08 16:13:39   @43.5@17.1@44.9@17.8@24@400@75@ISS052-E-27335@ pred_idx=4 iteration=00 MSG4_ERROR Error too many values to unpack (expected 4)
2025-04-08 16:13:40   @43.5@17.1@44.9@17.8@24@400@75@ISS052-E-27335@ pred_idx=5 iteration=00 MSG4_ERROR Error too many values to unpack (expected 4)
2025-04-08 16:13:41   @43.5@17.1@44.9@17.8@24@400@75@ISS052-E-27335@ pred_idx=6 iteration=00 MSG4_ERROR Error too many values to unpack (expected 4)
2025-04-08 16:13:42   @43.5@17.1@44.9@17.8@24@400@75@ISS052-E-27335@ pred_idx=7 iteration=00 MSG4_ERROR Error too many values to unpack (expected 4)
2025-04-08 16:13:42   @43.5@17.1@44.9@17.8@24@400@75@ISS052-E-27335@ pred_idx=8 iteration=00 MSG4_ERROR Error too many values to unpack (expected 4)
2025-04-08 16:13:43   @43.5@17.1@44.9@17.8@24@400@75@ISS052-E-27335@ pred_idx=9 iteration=00 MSG4_ERROR Error too many values to unpack (expected 4)
2025-04-08 16:13:44   @8.2@-63.3@4.2@-62.1@49@500@50@ISS052-E-39552@ pred_idx=0 iteration=00 MSG4_ERROR Error too many values to unpack (expected 4)
2025-04-08 16:13:45   @8.2@-63.3@4.2@-62.1@49@500@50@ISS052-E-39552@ pred_idx=1 iteration=00 MSG4_ERROR Error too many values to unpack (expected 4)
2025-04-08 16:13:45   @8.2@-63.3@4.2@-62.1@49@500@50@ISS052-E-39552@ pred_idx=2 iteration=00 MSG4_ERROR Error too many values to unpack (expected 4)
2025-04-08 16:13:46   @8.2@-63.3@4.2@-62.1@49@500@50@ISS052-E-39552@ pred_idx=3 iteration=00 MSG4_ERROR Error too many values to unpack (expected 4)
2025-04-08 16:13:47   @8.2@-63.3@4.2@-62.1@49@500@50@ISS052-E-39552@ pred_idx=4 iteration=00 MSG4_ERROR Error too many values to unpack (expected 4)
2025-04-08 16:13:47   
Traceback (most recent call last):
  File "/gpfs/home3/scur2410/EarthMatch_Master_Duster/main.py", line 94, in <module>
    model_output = util_matching.estimate_footprint(
  File "/gpfs/home3/scur2410/EarthMatch_Master_Duster/util_matching.py", line 191, in estimate_footprint
    num_inliers, new_fm = compute_matching(
  File "/gpfs/home3/scur2410/EarthMatch_Master_Duster/util_matching.py", line 48, in compute_matching
    num_inliers, fm, mkpts0, mkpts1 = matcher(image0, image1)
  File "/home/scur2410/miniconda3/envs/earth/lib/python3.10/site-packages/torch/nn/modules/module.py", line 1739, in _wrapped_call_impl
    return self._call_impl(*args, **kwargs)
  File "/home/scur2410/miniconda3/envs/earth/lib/python3.10/site-packages/torch/nn/modules/module.py", line 1750, in _call_impl
    return forward_call(*args, **kwargs)
  File "/home/scur2410/miniconda3/envs/earth/lib/python3.10/site-packages/torch/utils/_contextlib.py", line 116, in decorate_context
    return func(*args, **kwargs)
  File "/gpfs/home3/scur2410/EarthMatch_Master_Duster/image-matching-models/matching/im_models/base_matcher.py", line 179, in forward
    matched_kpts0, matched_kpts1, all_kpts0, all_kpts1, all_desc0, all_desc1 = self._forward(img0, img1)
  File "/gpfs/home3/scur2410/EarthMatch_Master_Duster/image-matching-models/matching/im_models/lightglue.py", line 26, in _forward
    feats0, feats1, matches01 = match_pair(self.extractor, self.matcher, img0, img1, device=self.device)
  File "/gpfs/home3/scur2410/EarthMatch_Master_Duster/LightGlue/lightglue/utils.py", line 159, in match_pair
    feats0 = extractor.extract(image0, **preprocess)
  File "/home/scur2410/miniconda3/envs/earth/lib/python3.10/site-packages/torch/utils/_contextlib.py", line 116, in decorate_context
    return func(*args, **kwargs)
  File "/gpfs/home3/scur2410/EarthMatch_Master_Duster/LightGlue/lightglue/utils.py", line 144, in extract
    feats = self.forward({"image": img})
  File "/gpfs/home3/scur2410/EarthMatch_Master_Duster/LightGlue/lightglue/sift.py", line 211, in forward
    p = self.extract_single_image(img)
  File "/gpfs/home3/scur2410/EarthMatch_Master_Duster/LightGlue/lightglue/sift.py", line 158, in extract_single_image
    keypoints, scores, scales, angles, descriptors = run_opencv_sift(
  File "/gpfs/home3/scur2410/EarthMatch_Master_Duster/LightGlue/lightglue/sift.py", line 71, in run_opencv_sift
    detections, descriptors = features.detectAndCompute(image, None)
KeyboardInterrupt

