2025-04-10 16:30:56   main.py --matcher roma -nk 1024 -is 512 --device cuda --log_dir out_roma
2025-04-10 16:30:56   Arguments: Namespace(matcher='roma', max_num_keypoints=1024, num_iterations=4, img_size=512, save_images=False, device='cuda', data_dir='./data', log_dir='out_roma')
2025-04-10 16:30:56   The outputs are being saved in logs/out_roma/2025-04-10_16-30-56
2025-04-10 16:31:05   @-35.4@-72.5@-34.0@-71.0@29@1150@75@ISS050-E-35441@ pred_idx=0 iteration=00 MSG1_NOT_FOUND num_inliers=-1
2025-04-10 16:31:06   @-35.4@-72.5@-34.0@-71.0@29@1150@75@ISS050-E-35441@ pred_idx=1 iteration=00 MSG3_FOUND_FP num_inliers=26 pred=59.82721, 161.25441; 59.89111, 161.33508; 59.79910, 161.28479; 59.79238, 161.27054
2025-04-10 16:31:07   @-35.4@-72.5@-34.0@-71.0@29@1150@75@ISS050-E-35441@ pred_idx=1 iteration=01 MSG1_NOT_FOUND num_inliers=-1
2025-04-10 16:31:08   @-35.4@-72.5@-34.0@-71.0@29@1150@75@ISS050-E-35441@ pred_idx=2 iteration=00 MSG1_NOT_FOUND num_inliers=-1
2025-04-10 16:31:09   @-35.4@-72.5@-34.0@-71.0@29@1150@75@ISS050-E-35441@ pred_idx=3 iteration=00 MSG1_NOT_FOUND num_inliers=-1
2025-04-10 16:31:10   @-35.4@-72.5@-34.0@-71.0@29@1150@75@ISS050-E-35441@ pred_idx=4 iteration=00 MSG1_NOT_FOUND num_inliers=-1
2025-04-10 16:31:11   @-35.4@-72.5@-34.0@-71.0@29@1150@75@ISS050-E-35441@ pred_idx=5 iteration=00 MSG1_NOT_FOUND num_inliers=-1
2025-04-10 16:31:12   @-35.4@-72.5@-34.0@-71.0@29@1150@75@ISS050-E-35441@ pred_idx=6 iteration=00 MSG1_NOT_FOUND num_inliers=-1
2025-04-10 16:31:13   @-35.4@-72.5@-34.0@-71.0@29@1150@75@ISS050-E-35441@ pred_idx=7 iteration=00 MSG1_NOT_FOUND num_inliers=-1
2025-04-10 16:31:14   @-35.4@-72.5@-34.0@-71.0@29@1150@75@ISS050-E-35441@ pred_idx=8 iteration=00 MSG1_NOT_FOUND num_inliers=-1
2025-04-10 16:31:15   @-35.4@-72.5@-34.0@-71.0@29@1150@75@ISS050-E-35441@ pred_idx=9 iteration=00 MSG1_NOT_FOUND num_inliers=-1
2025-04-10 16:31:16   @36.4@38.2@35.4@39.3@0@1150@10@ISS050-E-70536@ pred_idx=0 iteration=00 MSG2_FOUND_TP num_inliers=1011 pred=36.44284, 38.15620; 36.42101, 38.31842; 36.33284, 38.30795; 36.35371, 38.14659
2025-04-10 16:31:16   @36.4@38.2@35.4@39.3@0@1150@10@ISS050-E-70536@ pred_idx=0 iteration=01 MSG2_FOUND_TP num_inliers=1024 pred=36.44297, 38.15586; 36.42087, 38.31894; 36.33229, 38.30830; 36.35385, 38.14693
2025-04-10 16:31:17   @36.4@38.2@35.4@39.3@0@1150@10@ISS050-E-70536@ pred_idx=0 iteration=02 MSG2_FOUND_TP num_inliers=1021 pred=36.44312, 38.15603; 36.42101, 38.31877; 36.33229, 38.30847; 36.35398, 38.14711
2025-04-10 16:31:18   @36.4@38.2@35.4@39.3@0@1150@10@ISS050-E-70536@ pred_idx=0 iteration=03 MSG2_FOUND_TP num_inliers=1021 pred=36.44297, 38.15603; 36.42087, 38.31894; 36.33229, 38.30830; 36.35385, 38.14693
2025-04-10 16:31:19   @36.4@38.2@35.4@39.3@0@1150@10@ISS050-E-70536@ pred_idx=1 iteration=00 MSG1_NOT_FOUND num_inliers=-1
2025-04-10 16:31:20   @36.4@38.2@35.4@39.3@0@1150@10@ISS050-E-70536@ pred_idx=2 iteration=00 MSG2_FOUND_TP num_inliers=981 pred=36.44328, 38.15603; 36.42061, 38.31894; 36.33310, 38.30709; 36.35384, 38.14659
2025-04-10 16:31:20   @36.4@38.2@35.4@39.3@0@1150@10@ISS050-E-70536@ pred_idx=2 iteration=01 MSG2_FOUND_TP num_inliers=1023 pred=36.44315, 38.15603; 36.42102, 38.31877; 36.33228, 38.30830; 36.35384, 38.14693
2025-04-10 16:31:21   @36.4@38.2@35.4@39.3@0@1150@10@ISS050-E-70536@ pred_idx=2 iteration=02 MSG2_FOUND_TP num_inliers=1022 pred=36.44300, 38.15603; 36.42089, 38.31894; 36.33241, 38.30830; 36.35384, 38.14693
2025-04-10 16:31:22   @36.4@38.2@35.4@39.3@0@1150@10@ISS050-E-70536@ pred_idx=2 iteration=03 MSG2_FOUND_TP num_inliers=1022 pred=36.44300, 38.15603; 36.42089, 38.31894; 36.33228, 38.30830; 36.35384, 38.14711
2025-04-10 16:31:23   @36.4@38.2@35.4@39.3@0@1150@10@ISS050-E-70536@ pred_idx=3 iteration=00 MSG1_NOT_FOUND num_inliers=-1
2025-04-10 16:31:24   @36.4@38.2@35.4@39.3@0@1150@10@ISS050-E-70536@ pred_idx=4 iteration=00 MSG1_NOT_FOUND num_inliers=-1
2025-04-10 16:31:25   @36.4@38.2@35.4@39.3@0@1150@10@ISS050-E-70536@ pred_idx=5 iteration=00 MSG1_NOT_FOUND num_inliers=-1
2025-04-10 16:31:26   @36.4@38.2@35.4@39.3@0@1150@10@ISS050-E-70536@ pred_idx=6 iteration=00 MSG1_NOT_FOUND num_inliers=-1
2025-04-10 16:31:27   @36.4@38.2@35.4@39.3@0@1150@10@ISS050-E-70536@ pred_idx=7 iteration=00 MSG2_FOUND_TP num_inliers=884 pred=36.44312, 38.15620; 36.42114, 38.31877; 36.33215, 38.30830; 36.35398, 38.14814
2025-04-10 16:31:28   @36.4@38.2@35.4@39.3@0@1150@10@ISS050-E-70536@ pred_idx=7 iteration=01 MSG2_FOUND_TP num_inliers=1021 pred=36.44297, 38.15603; 36.42101, 38.31894; 36.33229, 38.30830; 36.35385, 38.14693
2025-04-10 16:31:28   @36.4@38.2@35.4@39.3@0@1150@10@ISS050-E-70536@ pred_idx=7 iteration=02 MSG2_FOUND_TP num_inliers=1024 pred=36.44297, 38.15603; 36.42087, 38.31894; 36.33243, 38.30830; 36.35385, 38.14693
2025-04-10 16:31:29   @36.4@38.2@35.4@39.3@0@1150@10@ISS050-E-70536@ pred_idx=7 iteration=03 MSG2_FOUND_TP num_inliers=1023 pred=36.44297, 38.15603; 36.42101, 38.31894; 36.33229, 38.30847; 36.35385, 38.14711
2025-04-10 16:31:30   @36.4@38.2@35.4@39.3@0@1150@10@ISS050-E-70536@ pred_idx=8 iteration=00 MSG1_NOT_FOUND num_inliers=-1
2025-04-10 16:31:31   @36.4@38.2@35.4@39.3@0@1150@10@ISS050-E-70536@ pred_idx=9 iteration=00 MSG2_FOUND_TP num_inliers=77 pred=36.63876, 38.40992; 36.30596, 38.08685; 36.32477, 38.14625; 36.33888, 38.15826
2025-04-10 16:31:32   @36.4@38.2@35.4@39.3@0@1150@10@ISS050-E-70536@ pred_idx=9 iteration=01 MSG1_NOT_FOUND num_inliers=-1
2025-04-10 16:31:33   @46.2@9.0@46.6@10.7@26@1150@10@ISS051-E-12869@ pred_idx=0 iteration=00 MSG1_NOT_FOUND num_inliers=-1
2025-04-10 16:31:34   @46.2@9.0@46.6@10.7@26@1150@10@ISS051-E-12869@ pred_idx=1 iteration=00 MSG1_NOT_FOUND num_inliers=-1
2025-04-10 16:31:35   @46.2@9.0@46.6@10.7@26@1150@10@ISS051-E-12869@ pred_idx=2 iteration=00 MSG1_NOT_FOUND num_inliers=-1
2025-04-10 16:31:36   @46.2@9.0@46.6@10.7@26@1150@10@ISS051-E-12869@ pred_idx=3 iteration=00 MSG3_FOUND_FP num_inliers=49 pred=47.70988, 25.50957; 47.52531, 25.60209; 47.49795, 25.60158; 47.42270, 25.54905
2025-04-10 16:31:37   @46.2@9.0@46.6@10.7@26@1150@10@ISS051-E-12869@ pred_idx=3 iteration=01 MSG3_FOUND_FP num_inliers=272 pred=47.55371, 25.53102; 47.55371, 25.53549; 47.51858, 25.54510; 47.49146, 25.54905
2025-04-10 16:31:37   @46.2@9.0@46.6@10.7@26@1150@10@ISS051-E-12869@ pred_idx=3 iteration=02 MSG3_FOUND_FP num_inliers=122 pred=47.54223, 25.53394; 47.55151, 25.53223; 47.54571, 25.53377; 47.54270, 25.53429
2025-04-10 16:31:38   @46.2@9.0@46.6@10.7@26@1150@10@ISS051-E-12869@ pred_idx=3 iteration=03 MSG1_NOT_FOUND num_inliers=-1
2025-04-10 16:31:39   @46.2@9.0@46.6@10.7@26@1150@10@ISS051-E-12869@ pred_idx=4 iteration=00 MSG2_FOUND_TP num_inliers=69 pred=46.40201, 9.06749; 46.24230, 9.05651; 46.14795, 8.96999; 46.21592, 8.94630
2025-04-10 16:31:39   @46.2@9.0@46.6@10.7@26@1150@10@ISS051-E-12869@ pred_idx=4 iteration=01 MSG2_FOUND_TP num_inliers=680 pred=46.25799, 9.10800; 46.13346, 9.08844; 46.13750, 8.96244; 46.26535, 8.98269
2025-04-10 16:31:40   @46.2@9.0@46.6@10.7@26@1150@10@ISS051-E-12869@ pred_idx=4 iteration=02 MSG2_FOUND_TP num_inliers=450 pred=46.25941, 9.10972; 46.13155, 9.09050; 46.13773, 8.96175; 46.26512, 8.98269
2025-04-10 16:31:41   @46.2@9.0@46.6@10.7@26@1150@10@ISS051-E-12869@ pred_idx=4 iteration=03 MSG2_FOUND_TP num_inliers=438 pred=46.25894, 9.11006; 46.13298, 9.09324; 46.13750, 8.96141; 46.26488, 8.98098
2025-04-10 16:31:42   @46.2@9.0@46.6@10.7@26@1150@10@ISS051-E-12869@ pred_idx=5 iteration=00 MSG2_FOUND_TP num_inliers=770 pred=46.13773, 8.96209; 46.26702, 8.98304; 46.25656, 9.10594; 46.13417, 9.08466
2025-04-10 16:31:43   @46.2@9.0@46.6@10.7@26@1150@10@ISS051-E-12869@ pred_idx=5 iteration=01 MSG2_FOUND_TP num_inliers=443 pred=46.13750, 8.96175; 46.26440, 8.97995; 46.25918, 9.10972; 46.13322, 9.09393
2025-04-10 16:31:43   @46.2@9.0@46.6@10.7@26@1150@10@ISS051-E-12869@ pred_idx=5 iteration=02 MSG2_FOUND_TP num_inliers=451 pred=46.13797, 8.96209; 46.26440, 8.98063; 46.25989, 9.11212; 46.13346, 9.09359
2025-04-10 16:31:44   @46.2@9.0@46.6@10.7@26@1150@10@ISS051-E-12869@ pred_idx=5 iteration=03 MSG2_FOUND_TP num_inliers=381 pred=46.13773, 8.96175; 46.26559, 8.98201; 46.25918, 9.10938; 46.13274, 9.08912
2025-04-10 16:31:45   @46.2@9.0@46.6@10.7@26@1150@10@ISS051-E-12869@ pred_idx=6 iteration=00 MSG1_NOT_FOUND num_inliers=-1
2025-04-10 16:31:46   @46.2@9.0@46.6@10.7@26@1150@10@ISS051-E-12869@ pred_idx=7 iteration=00 MSG1_NOT_FOUND num_inliers=-1
2025-04-10 16:31:47   @46.2@9.0@46.6@10.7@26@1150@10@ISS051-E-12869@ pred_idx=8 iteration=00 MSG1_NOT_FOUND num_inliers=-1
2025-04-10 16:31:48   @46.2@9.0@46.6@10.7@26@1150@10@ISS051-E-12869@ pred_idx=9 iteration=00 MSG1_NOT_FOUND num_inliers=-1
2025-04-10 16:31:49   @45.0@-93.3@44.4@-93.1@0@1150@10@ISS051-E-43872@ pred_idx=0 iteration=00 MSG1_NOT_FOUND num_inliers=-1
2025-04-10 16:31:50   @45.0@-93.3@44.4@-93.1@0@1150@10@ISS051-E-43872@ pred_idx=1 iteration=00 MSG1_NOT_FOUND num_inliers=-1
2025-04-10 16:31:51   @45.0@-93.3@44.4@-93.1@0@1150@10@ISS051-E-43872@ pred_idx=2 iteration=00 MSG1_NOT_FOUND num_inliers=-1
2025-04-10 16:31:52   @45.0@-93.3@44.4@-93.1@0@1150@10@ISS051-E-43872@ pred_idx=3 iteration=00 MSG2_FOUND_TP num_inliers=1024 pred=45.04079, -93.32045; 45.03848, -93.20647; 44.91637, -93.21265; 44.91891, -93.32577
2025-04-10 16:31:52   @45.0@-93.3@44.4@-93.1@0@1150@10@ISS051-E-43872@ pred_idx=3 iteration=01 MSG2_FOUND_TP num_inliers=1024 pred=45.04103, -93.32062; 45.03848, -93.20629; 44.91612, -93.21230; 44.91855, -93.32594
2025-04-10 16:31:53   @45.0@-93.3@44.4@-93.1@0@1150@10@ISS051-E-43872@ pred_idx=3 iteration=02 MSG2_FOUND_TP num_inliers=1024 pred=45.04091, -93.32045; 45.03860, -93.20629; 44.91600, -93.21230; 44.91867, -93.32594
2025-04-10 16:31:54   @45.0@-93.3@44.4@-93.1@0@1150@10@ISS051-E-43872@ pred_idx=3 iteration=03 MSG2_FOUND_TP num_inliers=1024 pred=45.04091, -93.32062; 45.03848, -93.20629; 44.91612, -93.21230; 44.91855, -93.32594
2025-04-10 16:31:54   @45.0@-93.3@44.4@-93.1@0@1150@10@ISS051-E-43872@ pred_idx=4 iteration=00 MSG1_NOT_FOUND num_inliers=-1
2025-04-10 16:31:55   @45.0@-93.3@44.4@-93.1@0@1150@10@ISS051-E-43872@ pred_idx=5 iteration=00 MSG2_FOUND_TP num_inliers=1020 pred=45.04114, -93.32079; 45.03859, -93.20646; 44.91775, -93.21349; 44.91993, -93.32525
2025-04-10 16:31:56   @45.0@-93.3@44.4@-93.1@0@1150@10@ISS051-E-43872@ pred_idx=5 iteration=01 MSG2_FOUND_TP num_inliers=1024 pred=45.04089, -93.32061; 45.03859, -93.20628; 44.91629, -93.21246; 44.91872, -93.32594
2025-04-10 16:31:56   @45.0@-93.3@44.4@-93.1@0@1150@10@ISS051-E-43872@ pred_idx=5 iteration=02 MSG2_FOUND_TP num_inliers=1024 pred=45.04102, -93.32061; 45.03847, -93.20628; 44.91617, -93.21246; 44.91872, -93.32576
2025-04-10 16:31:57   @45.0@-93.3@44.4@-93.1@0@1150@10@ISS051-E-43872@ pred_idx=5 iteration=03 MSG2_FOUND_TP num_inliers=1024 pred=45.04089, -93.32061; 45.03859, -93.20612; 44.91629, -93.21246; 44.91884, -93.32594
2025-04-10 16:31:58   @45.0@-93.3@44.4@-93.1@0@1150@10@ISS051-E-43872@ pred_idx=6 iteration=00 MSG2_FOUND_TP num_inliers=449 pred=44.91867, -93.32611; 45.04066, -93.32011; 45.03812, -93.20663; 44.91612, -93.21230
2025-04-10 16:31:59   @45.0@-93.3@44.4@-93.1@0@1150@10@ISS051-E-43872@ pred_idx=6 iteration=01 MSG2_FOUND_TP num_inliers=1024 pred=44.91855, -93.32594; 45.04091, -93.32062; 45.03860, -93.20629; 44.91600, -93.21247
2025-04-10 16:31:59   @45.0@-93.3@44.4@-93.1@0@1150@10@ISS051-E-43872@ pred_idx=6 iteration=02 MSG2_FOUND_TP num_inliers=1024 pred=44.91855, -93.32594; 45.04103, -93.32045; 45.03848, -93.20647; 44.91612, -93.21230
2025-04-10 16:32:00   @45.0@-93.3@44.4@-93.1@0@1150@10@ISS051-E-43872@ pred_idx=6 iteration=03 MSG2_FOUND_TP num_inliers=1024 pred=44.91855, -93.32594; 45.04091, -93.32062; 45.03860, -93.20629; 44.91612, -93.21230
2025-04-10 16:32:01   @45.0@-93.3@44.4@-93.1@0@1150@10@ISS051-E-43872@ pred_idx=7 iteration=00 MSG2_FOUND_TP num_inliers=796 pred=45.03812, -93.20697; 44.91618, -93.21212; 44.91861, -93.32610; 45.03983, -93.32027
2025-04-10 16:32:01   @45.0@-93.3@44.4@-93.1@0@1150@10@ISS051-E-43872@ pred_idx=7 iteration=01 MSG2_FOUND_TP num_inliers=1024 pred=45.03861, -93.20628; 44.91618, -93.21212; 44.91837, -93.32610; 45.04104, -93.32061
2025-04-10 16:32:02   @45.0@-93.3@44.4@-93.1@0@1150@10@ISS051-E-43872@ pred_idx=7 iteration=02 MSG2_FOUND_TP num_inliers=1024 pred=45.03861, -93.20628; 44.91594, -93.21246; 44.91861, -93.32576; 45.04104, -93.32027
2025-04-10 16:32:02   @45.0@-93.3@44.4@-93.1@0@1150@10@ISS051-E-43872@ pred_idx=7 iteration=03 MSG2_FOUND_TP num_inliers=1024 pred=45.03861, -93.20628; 44.91594, -93.21246; 44.91861, -93.32610; 45.04080, -93.32061
2025-04-10 16:32:03   @45.0@-93.3@44.4@-93.1@0@1150@10@ISS051-E-43872@ pred_idx=8 iteration=00 MSG2_FOUND_TP num_inliers=1024 pred=45.04080, -93.32061; 45.03837, -93.20663; 44.91618, -93.21246; 44.91861, -93.32610
2025-04-10 16:32:04   @45.0@-93.3@44.4@-93.1@0@1150@10@ISS051-E-43872@ pred_idx=8 iteration=01 MSG2_FOUND_TP num_inliers=1024 pred=45.04080, -93.32061; 45.03861, -93.20628; 44.91594, -93.21212; 44.91861, -93.32610
2025-04-10 16:32:04   @45.0@-93.3@44.4@-93.1@0@1150@10@ISS051-E-43872@ pred_idx=8 iteration=02 MSG2_FOUND_TP num_inliers=1024 pred=45.04104, -93.32061; 45.03837, -93.20628; 44.91594, -93.21246; 44.91837, -93.32576
2025-04-10 16:32:05   @45.0@-93.3@44.4@-93.1@0@1150@10@ISS051-E-43872@ pred_idx=8 iteration=03 MSG2_FOUND_TP num_inliers=1024 pred=45.04104, -93.32027; 45.03861, -93.20628; 44.91618, -93.21246; 44.91861, -93.32610
2025-04-10 16:32:06   @45.0@-93.3@44.4@-93.1@0@1150@10@ISS051-E-43872@ pred_idx=9 iteration=00 MSG1_NOT_FOUND num_inliers=-1
2025-04-10 16:32:07   @-30.0@24.8@-30.4@26.9@0@1150@10@ISS051-E-52457@ pred_idx=0 iteration=00 MSG2_FOUND_TP num_inliers=944 pred=-29.92341, 24.70997; -30.00147, 24.85176; -30.08325, 24.80439; -30.00623, 24.66139
2025-04-10 16:32:08   @-30.0@24.8@-30.4@26.9@0@1150@10@ISS051-E-52457@ pred_idx=0 iteration=01 MSG2_FOUND_TP num_inliers=1015 pred=-29.92311, 24.70997; -30.00147, 24.85245; -30.08310, 24.80421; -30.00638, 24.66157
2025-04-10 16:32:08   @-30.0@24.8@-30.4@26.9@0@1150@10@ISS051-E-52457@ pred_idx=0 iteration=02 MSG2_FOUND_TP num_inliers=1014 pred=-29.92311, 24.70980; -30.00147, 24.85228; -30.08295, 24.80421; -30.00638, 24.66157
2025-04-10 16:32:09   @-30.0@24.8@-30.4@26.9@0@1150@10@ISS051-E-52457@ pred_idx=0 iteration=03 MSG2_FOUND_TP num_inliers=1015 pred=-29.92326, 24.70997; -30.00147, 24.85228; -30.08295, 24.80421; -30.00638, 24.66157
2025-04-10 16:32:10   @-30.0@24.8@-30.4@26.9@0@1150@10@ISS051-E-52457@ pred_idx=1 iteration=00 MSG2_FOUND_TP num_inliers=1019 pred=-29.92280, 24.70963; -30.00130, 24.85211; -30.08247, 24.80404; -30.00635, 24.66191
2025-04-10 16:32:11   @-30.0@24.8@-30.4@26.9@0@1150@10@ISS051-E-52457@ pred_idx=1 iteration=01 MSG2_FOUND_TP num_inliers=1017 pred=-29.92309, 24.70997; -30.00130, 24.85245; -30.08307, 24.80404; -30.00635, 24.66156
2025-04-10 16:32:11   @-30.0@24.8@-30.4@26.9@0@1150@10@ISS051-E-52457@ pred_idx=1 iteration=02 MSG2_FOUND_TP num_inliers=1018 pred=-29.92339, 24.70997; -30.00130, 24.85245; -30.08307, 24.80439; -30.00635, 24.66156
2025-04-10 16:32:12   @-30.0@24.8@-30.4@26.9@0@1150@10@ISS051-E-52457@ pred_idx=1 iteration=03 MSG2_FOUND_TP num_inliers=1019 pred=-29.92309, 24.70997; -30.00159, 24.85211; -30.08307, 24.80439; -30.00635, 24.66156
2025-04-10 16:32:13   @-30.0@24.8@-30.4@26.9@0@1150@10@ISS051-E-52457@ pred_idx=2 iteration=00 MSG2_FOUND_TP num_inliers=986 pred=-30.00635, 24.66191; -29.92280, 24.70963; -30.00130, 24.85211; -30.08247, 24.80404
2025-04-10 16:32:14   @-30.0@24.8@-30.4@26.9@0@1150@10@ISS051-E-52457@ pred_idx=2 iteration=01 MSG2_FOUND_TP num_inliers=1022 pred=-30.00635, 24.66156; -29.92309, 24.70997; -30.00130, 24.85245; -30.08307, 24.80404
2025-04-10 16:32:14   @-30.0@24.8@-30.4@26.9@0@1150@10@ISS051-E-52457@ pred_idx=2 iteration=02 MSG2_FOUND_TP num_inliers=1015 pred=-30.00635, 24.66156; -29.92309, 24.70963; -30.00130, 24.85211; -30.08307, 24.80439
2025-04-10 16:32:15   @-30.0@24.8@-30.4@26.9@0@1150@10@ISS051-E-52457@ pred_idx=2 iteration=03 MSG2_FOUND_TP num_inliers=1021 pred=-30.00635, 24.66156; -29.92309, 24.70997; -30.00159, 24.85245; -30.08307, 24.80439
2025-04-10 16:32:16   @-30.0@24.8@-30.4@26.9@0@1150@10@ISS051-E-52457@ pred_idx=3 iteration=00 MSG1_NOT_FOUND num_inliers=-1
2025-04-10 16:32:17   @-30.0@24.8@-30.4@26.9@0@1150@10@ISS051-E-52457@ pred_idx=4 iteration=00 MSG1_NOT_FOUND num_inliers=-1
2025-04-10 16:32:18   @-30.0@24.8@-30.4@26.9@0@1150@10@ISS051-E-52457@ pred_idx=5 iteration=00 MSG2_FOUND_TP num_inliers=788 pred=-30.00667, 24.66225; -29.92109, 24.70929; -30.00102, 24.85211; -30.08184, 24.80301
2025-04-10 16:32:19   @-30.0@24.8@-30.4@26.9@0@1150@10@ISS051-E-52457@ pred_idx=5 iteration=01 MSG2_FOUND_TP num_inliers=1021 pred=-30.00637, 24.66156; -29.92317, 24.70997; -30.00132, 24.85245; -30.08303, 24.80404
2025-04-10 16:32:19   @-30.0@24.8@-30.4@26.9@0@1150@10@ISS051-E-52457@ pred_idx=5 iteration=02 MSG2_FOUND_TP num_inliers=1018 pred=-30.00637, 24.66156; -29.92347, 24.70997; -30.00162, 24.85245; -30.08303, 24.80439
2025-04-10 16:32:20   @-30.0@24.8@-30.4@26.9@0@1150@10@ISS051-E-52457@ pred_idx=5 iteration=03 MSG2_FOUND_TP num_inliers=1020 pred=-30.00637, 24.66156; -29.92317, 24.70963; -30.00132, 24.85211; -30.08273, 24.80404
2025-04-10 16:32:21   @-30.0@24.8@-30.4@26.9@0@1150@10@ISS051-E-52457@ pred_idx=6 iteration=00 MSG3_FOUND_FP num_inliers=72 pred=-29.86898, 24.67530; -29.91536, 24.67701; -29.94450, 24.71821; -29.91953, 24.72096
2025-04-10 16:32:22   @-30.0@24.8@-30.4@26.9@0@1150@10@ISS051-E-52457@ pred_idx=6 iteration=01 MSG1_NOT_FOUND num_inliers=-1
2025-04-10 16:32:23   @-30.0@24.8@-30.4@26.9@0@1150@10@ISS051-E-52457@ pred_idx=7 iteration=00 MSG2_FOUND_TP num_inliers=1010 pred=-29.92280, 24.70963; -30.00159, 24.85073; -30.08247, 24.80370; -30.00605, 24.66122
2025-04-10 16:32:23   @-30.0@24.8@-30.4@26.9@0@1150@10@ISS051-E-52457@ pred_idx=7 iteration=01 MSG2_FOUND_TP num_inliers=1015 pred=-29.92309, 24.70997; -30.00130, 24.85245; -30.08307, 24.80404; -30.00635, 24.66156
2025-04-10 16:32:24   @-30.0@24.8@-30.4@26.9@0@1150@10@ISS051-E-52457@ pred_idx=7 iteration=02 MSG2_FOUND_TP num_inliers=1020 pred=-29.92309, 24.70997; -30.00159, 24.85245; -30.08277, 24.80439; -30.00635, 24.66156
2025-04-10 16:32:25   @-30.0@24.8@-30.4@26.9@0@1150@10@ISS051-E-52457@ pred_idx=7 iteration=03 MSG2_FOUND_TP num_inliers=1019 pred=-29.92309, 24.70997; -30.00130, 24.85211; -30.08307, 24.80439; -30.00635, 24.66156
2025-04-10 16:32:26   @-30.0@24.8@-30.4@26.9@0@1150@10@ISS051-E-52457@ pred_idx=8 iteration=00 MSG2_FOUND_TP num_inliers=1021 pred=-29.92199, 24.70894; -30.00102, 24.85245; -30.08244, 24.80370; -30.00667, 24.66191
2025-04-10 16:32:26   @-30.0@24.8@-30.4@26.9@0@1150@10@ISS051-E-52457@ pred_idx=8 iteration=01 MSG2_FOUND_TP num_inliers=1019 pred=-29.92317, 24.70997; -30.00132, 24.85211; -30.08273, 24.80439; -30.00637, 24.66156
2025-04-10 16:32:27   @-30.0@24.8@-30.4@26.9@0@1150@10@ISS051-E-52457@ pred_idx=8 iteration=02 MSG2_FOUND_TP num_inliers=1018 pred=-29.92317, 24.70997; -30.00162, 24.85245; -30.08303, 24.80404; -30.00637, 24.66156
2025-04-10 16:32:28   @-30.0@24.8@-30.4@26.9@0@1150@10@ISS051-E-52457@ pred_idx=8 iteration=03 MSG2_FOUND_TP num_inliers=1016 pred=-29.92317, 24.70963; -30.00132, 24.85245; -30.08303, 24.80439; -30.00607, 24.66156
2025-04-10 16:32:29   @-30.0@24.8@-30.4@26.9@0@1150@10@ISS051-E-52457@ pred_idx=9 iteration=00 MSG1_NOT_FOUND num_inliers=-1
2025-04-10 16:32:30   @51.9@35.2@50.7@38.1@41@1150@10@ISS052-E-10192@ pred_idx=0 iteration=00 MSG1_NOT_FOUND num_inliers=-1
2025-04-10 16:32:31   @51.9@35.2@50.7@38.1@41@1150@10@ISS052-E-10192@ pred_idx=1 iteration=00 MSG1_NOT_FOUND num_inliers=-1
2025-04-10 16:32:32   @51.9@35.2@50.7@38.1@41@1150@10@ISS052-E-10192@ pred_idx=2 iteration=00 MSG2_FOUND_TP num_inliers=850 pred=51.84277, 35.14526; 51.95697, 35.23830; 51.91544, 35.35984; 51.80209, 35.26508
2025-04-10 16:32:33   @51.9@35.2@50.7@38.1@41@1150@10@ISS052-E-10192@ pred_idx=2 iteration=01 MSG2_FOUND_TP num_inliers=1023 pred=51.84256, 35.14492; 51.95697, 35.23865; 51.91523, 35.35949; 51.80167, 35.26542
2025-04-10 16:32:33   @51.9@35.2@50.7@38.1@41@1150@10@ISS052-E-10192@ pred_idx=2 iteration=02 MSG2_FOUND_TP num_inliers=1024 pred=51.84235, 35.14458; 51.95697, 35.23865; 51.91502, 35.35984; 51.80188, 35.26542
2025-04-10 16:32:34   @51.9@35.2@50.7@38.1@41@1150@10@ISS052-E-10192@ pred_idx=2 iteration=03 MSG2_FOUND_TP num_inliers=1023 pred=51.84256, 35.14458; 51.95697, 35.23865; 51.91523, 35.35949; 51.80167, 35.26542
2025-04-10 16:32:35   @51.9@35.2@50.7@38.1@41@1150@10@ISS052-E-10192@ pred_idx=3 iteration=00 MSG1_NOT_FOUND num_inliers=-1
2025-04-10 16:32:36   @51.9@35.2@50.7@38.1@41@1150@10@ISS052-E-10192@ pred_idx=4 iteration=00 MSG1_NOT_FOUND num_inliers=-1
2025-04-10 16:32:37   @51.9@35.2@50.7@38.1@41@1150@10@ISS052-E-10192@ pred_idx=5 iteration=00 MSG1_NOT_FOUND num_inliers=-1
2025-04-10 16:32:38   @51.9@35.2@50.7@38.1@41@1150@10@ISS052-E-10192@ pred_idx=6 iteration=00 MSG1_NOT_FOUND num_inliers=-1
2025-04-10 16:32:39   @51.9@35.2@50.7@38.1@41@1150@10@ISS052-E-10192@ pred_idx=7 iteration=00 MSG1_NOT_FOUND num_inliers=-1
2025-04-10 16:32:40   @51.9@35.2@50.7@38.1@41@1150@10@ISS052-E-10192@ pred_idx=8 iteration=00 MSG1_NOT_FOUND num_inliers=-1
2025-04-10 16:32:42   @51.9@35.2@50.7@38.1@41@1150@10@ISS052-E-10192@ pred_idx=9 iteration=00 MSG1_NOT_FOUND num_inliers=-1
2025-04-10 16:32:42   @-30.5@-50.4@-31.4@-48.7@27@1150@10@ISS052-E-14188@ pred_idx=0 iteration=00 MSG1_NOT_FOUND num_inliers=-1
2025-04-10 16:32:43   @-30.5@-50.4@-31.4@-48.7@27@1150@10@ISS052-E-14188@ pred_idx=1 iteration=00 MSG1_NOT_FOUND num_inliers=-1
2025-04-10 16:32:44   @-30.5@-50.4@-31.4@-48.7@27@1150@10@ISS052-E-14188@ pred_idx=2 iteration=00 MSG1_NOT_FOUND num_inliers=-1
2025-04-10 16:32:45   @-30.5@-50.4@-31.4@-48.7@27@1150@10@ISS052-E-14188@ pred_idx=3 iteration=00 MSG1_NOT_FOUND num_inliers=-1
2025-04-10 16:32:46   @-30.5@-50.4@-31.4@-48.7@27@1150@10@ISS052-E-14188@ pred_idx=4 iteration=00 MSG2_FOUND_TP num_inliers=1024 pred=-30.46494, -50.40596; -30.49776, -50.31773; -30.61340, -50.37575; -30.58057, -50.46398
2025-04-10 16:32:47   @-30.5@-50.4@-31.4@-48.7@27@1150@10@ISS052-E-14188@ pred_idx=4 iteration=01 MSG2_FOUND_TP num_inliers=1024 pred=-30.46523, -50.40562; -30.49806, -50.31773; -30.61370, -50.37540; -30.58057, -50.46432
2025-04-10 16:32:48   @-30.5@-50.4@-31.4@-48.7@27@1150@10@ISS052-E-14188@ pred_idx=4 iteration=02 MSG2_FOUND_TP num_inliers=1024 pred=-30.46523, -50.40596; -30.49806, -50.31773; -30.61370, -50.37540; -30.58057, -50.46432
2025-04-10 16:32:48   @-30.5@-50.4@-31.4@-48.7@27@1150@10@ISS052-E-14188@ pred_idx=4 iteration=03 MSG2_FOUND_TP num_inliers=1024 pred=-30.46494, -50.40562; -30.49806, -50.31773; -30.61370, -50.37575; -30.58057, -50.46398
2025-04-10 16:32:49   @-30.5@-50.4@-31.4@-48.7@27@1150@10@ISS052-E-14188@ pred_idx=5 iteration=00 MSG2_FOUND_TP num_inliers=1012 pred=-30.58057, -50.46398; -30.46494, -50.40596; -30.49776, -50.31773; -30.61340, -50.37575
2025-04-10 16:32:50   @-30.5@-50.4@-31.4@-48.7@27@1150@10@ISS052-E-14188@ pred_idx=5 iteration=01 MSG2_FOUND_TP num_inliers=1024 pred=-30.58057, -50.46432; -30.46523, -50.40562; -30.49806, -50.31773; -30.61370, -50.37540
2025-04-10 16:32:50   @-30.5@-50.4@-31.4@-48.7@27@1150@10@ISS052-E-14188@ pred_idx=5 iteration=02 MSG2_FOUND_TP num_inliers=1024 pred=-30.58057, -50.46432; -30.46494, -50.40596; -30.49806, -50.31773; -30.61370, -50.37540
2025-04-10 16:32:51   @-30.5@-50.4@-31.4@-48.7@27@1150@10@ISS052-E-14188@ pred_idx=5 iteration=03 MSG2_FOUND_TP num_inliers=1024 pred=-30.58057, -50.46398; -30.46523, -50.40562; -30.49806, -50.31773; -30.61340, -50.37575
2025-04-10 16:32:53   @-30.5@-50.4@-31.4@-48.7@27@1150@10@ISS052-E-14188@ pred_idx=6 iteration=00 MSG2_FOUND_TP num_inliers=933 pred=-30.58056, -50.46432; -30.46501, -50.40562; -30.49840, -50.31807; -30.61336, -50.37575
2025-04-10 16:32:53   @-30.5@-50.4@-31.4@-48.7@27@1150@10@ISS052-E-14188@ pred_idx=6 iteration=01 MSG2_FOUND_TP num_inliers=1024 pred=-30.58056, -50.46398; -30.46531, -50.40596; -30.49811, -50.31773; -30.61366, -50.37575
2025-04-10 16:32:54   @-30.5@-50.4@-31.4@-48.7@27@1150@10@ISS052-E-14188@ pred_idx=6 iteration=02 MSG2_FOUND_TP num_inliers=1024 pred=-30.58056, -50.46432; -30.46501, -50.40562; -30.49811, -50.31773; -30.61366, -50.37540
2025-04-10 16:32:55   @-30.5@-50.4@-31.4@-48.7@27@1150@10@ISS052-E-14188@ pred_idx=6 iteration=03 MSG2_FOUND_TP num_inliers=1024 pred=-30.58056, -50.46432; -30.46531, -50.40562; -30.49781, -50.31773; -30.61366, -50.37540
2025-04-10 16:32:56   @-30.5@-50.4@-31.4@-48.7@27@1150@10@ISS052-E-14188@ pred_idx=7 iteration=00 MSG2_FOUND_TP num_inliers=915 pred=-30.58033, -50.46363; -30.46494, -50.40578; -30.49793, -50.31789; -30.61272, -50.37557
2025-04-10 16:32:56   @-30.5@-50.4@-31.4@-48.7@27@1150@10@ISS052-E-14188@ pred_idx=7 iteration=01 MSG2_FOUND_TP num_inliers=1024 pred=-30.58077, -50.46415; -30.46509, -50.40578; -30.49793, -50.31755; -30.61376, -50.37540
2025-04-10 16:32:57   @-30.5@-50.4@-31.4@-48.7@27@1150@10@ISS052-E-14188@ pred_idx=7 iteration=02 MSG2_FOUND_TP num_inliers=1024 pred=-30.58062, -50.46415; -30.46524, -50.40578; -30.49808, -50.31755; -30.61376, -50.37557
2025-04-10 16:32:57   @-30.5@-50.4@-31.4@-48.7@27@1150@10@ISS052-E-14188@ pred_idx=7 iteration=03 MSG2_FOUND_TP num_inliers=1021 pred=-30.58062, -50.46432; -30.46509, -50.40561; -30.49793, -50.31772; -30.61361, -50.37540
2025-04-10 16:32:58   @-30.5@-50.4@-31.4@-48.7@27@1150@10@ISS052-E-14188@ pred_idx=8 iteration=00 MSG2_FOUND_TP num_inliers=958 pred=-30.46531, -50.40596; -30.49840, -50.31807; -30.61336, -50.37575; -30.58056, -50.46432
2025-04-10 16:32:59   @-30.5@-50.4@-31.4@-48.7@27@1150@10@ISS052-E-14188@ pred_idx=8 iteration=01 MSG2_FOUND_TP num_inliers=1024 pred=-30.46531, -50.40562; -30.49811, -50.31773; -30.61366, -50.37540; -30.58056, -50.46398
2025-04-10 16:33:00   @-30.5@-50.4@-31.4@-48.7@27@1150@10@ISS052-E-14188@ pred_idx=8 iteration=02 MSG2_FOUND_TP num_inliers=1024 pred=-30.46531, -50.40562; -30.49811, -50.31773; -30.61366, -50.37575; -30.58056, -50.46432
2025-04-10 16:33:00   @-30.5@-50.4@-31.4@-48.7@27@1150@10@ISS052-E-14188@ pred_idx=8 iteration=03 MSG2_FOUND_TP num_inliers=1024 pred=-30.46501, -50.40596; -30.49781, -50.31773; -30.61336, -50.37540; -30.58056, -50.46432
2025-04-10 16:33:01   @-30.5@-50.4@-31.4@-48.7@27@1150@10@ISS052-E-14188@ pred_idx=9 iteration=00 MSG2_FOUND_TP num_inliers=984 pred=-30.58058, -50.46415; -30.46573, -50.40579; -30.49825, -50.31790; -30.61369, -50.37540
2025-04-10 16:33:02   @-30.5@-50.4@-31.4@-48.7@27@1150@10@ISS052-E-14188@ pred_idx=9 iteration=01 MSG2_FOUND_TP num_inliers=1024 pred=-30.58058, -50.46415; -30.46529, -50.40579; -30.49795, -50.31755; -30.61384, -50.37540
2025-04-10 16:33:02   @-30.5@-50.4@-31.4@-48.7@27@1150@10@ISS052-E-14188@ pred_idx=9 iteration=02 MSG2_FOUND_TP num_inliers=1024 pred=-30.58058, -50.46432; -30.46529, -50.40579; -30.49795, -50.31755; -30.61369, -50.37540
2025-04-10 16:33:03   @-30.5@-50.4@-31.4@-48.7@27@1150@10@ISS052-E-14188@ pred_idx=9 iteration=03 MSG2_FOUND_TP num_inliers=1024 pred=-30.58058, -50.46415; -30.46529, -50.40579; -30.49795, -50.31755; -30.61384, -50.37540
2025-04-10 16:33:04   @43.5@17.1@44.9@17.8@24@400@75@ISS052-E-27335@ pred_idx=0 iteration=00 MSG1_NOT_FOUND num_inliers=-1
2025-04-10 16:33:05   @43.5@17.1@44.9@17.8@24@400@75@ISS052-E-27335@ pred_idx=1 iteration=00 MSG2_FOUND_TP num_inliers=593 pred=43.76678, 17.06245; 43.48525, 17.36801; 43.31265, 17.11944; 43.60264, 16.80840
2025-04-10 16:33:06   @43.5@17.1@44.9@17.8@24@400@75@ISS052-E-27335@ pred_idx=1 iteration=01 MSG2_FOUND_TP num_inliers=1016 pred=43.76678, 17.06177; 43.48426, 17.37487; 43.31216, 17.12150; 43.60264, 16.80840
2025-04-10 16:33:06   @43.5@17.1@44.9@17.8@24@400@75@ISS052-E-27335@ pred_idx=1 iteration=02 MSG2_FOUND_TP num_inliers=1018 pred=43.76728, 17.06245; 43.48376, 17.37419; 43.31166, 17.12082; 43.60214, 16.80908
2025-04-10 16:33:07   @43.5@17.1@44.9@17.8@24@400@75@ISS052-E-27335@ pred_idx=1 iteration=03 MSG2_FOUND_TP num_inliers=1007 pred=43.76728, 17.06245; 43.48426, 17.37487; 43.31166, 17.12150; 43.60214, 16.80840
2025-04-10 16:33:08   @43.5@17.1@44.9@17.8@24@400@75@ISS052-E-27335@ pred_idx=2 iteration=00 MSG1_NOT_FOUND num_inliers=-1
2025-04-10 16:33:09   @43.5@17.1@44.9@17.8@24@400@75@ISS052-E-27335@ pred_idx=3 iteration=00 MSG2_FOUND_TP num_inliers=1002 pred=43.76728, 17.06245; 43.48525, 17.37075; 43.31216, 17.12013; 43.60264, 16.80840
2025-04-10 16:33:10   @43.5@17.1@44.9@17.8@24@400@75@ISS052-E-27335@ pred_idx=3 iteration=01 MSG2_FOUND_TP num_inliers=1016 pred=43.76728, 17.06177; 43.48426, 17.37487; 43.31166, 17.12082; 43.60214, 16.80840
2025-04-10 16:33:10   @43.5@17.1@44.9@17.8@24@400@75@ISS052-E-27335@ pred_idx=3 iteration=02 MSG2_FOUND_TP num_inliers=1014 pred=43.76678, 17.06245; 43.48376, 17.37487; 43.31216, 17.12150; 43.60214, 16.80840
2025-04-10 16:33:11   @43.5@17.1@44.9@17.8@24@400@75@ISS052-E-27335@ pred_idx=3 iteration=03 MSG2_FOUND_TP num_inliers=1015 pred=43.76728, 17.06245; 43.48376, 17.37419; 43.31166, 17.12150; 43.60264, 16.80908
2025-04-10 16:33:12   @43.5@17.1@44.9@17.8@24@400@75@ISS052-E-27335@ pred_idx=4 iteration=00 MSG1_NOT_FOUND num_inliers=-1
2025-04-10 16:33:13   @43.5@17.1@44.9@17.8@24@400@75@ISS052-E-27335@ pred_idx=5 iteration=00 MSG1_NOT_FOUND num_inliers=-1
2025-04-10 16:33:14   @43.5@17.1@44.9@17.8@24@400@75@ISS052-E-27335@ pred_idx=6 iteration=00 MSG2_FOUND_TP num_inliers=852 pred=43.60264, 16.80840; 43.76579, 17.06177; 43.48525, 17.37144; 43.31116, 17.12150
2025-04-10 16:33:15   @43.5@17.1@44.9@17.8@24@400@75@ISS052-E-27335@ pred_idx=6 iteration=01 MSG2_FOUND_TP num_inliers=1019 pred=43.60264, 16.80840; 43.76678, 17.06245; 43.48376, 17.37487; 43.31166, 17.12150
2025-04-10 16:33:15   @43.5@17.1@44.9@17.8@24@400@75@ISS052-E-27335@ pred_idx=6 iteration=02 MSG2_FOUND_TP num_inliers=1018 pred=43.60214, 16.80908; 43.76728, 17.06177; 43.48426, 17.37419; 43.31166, 17.12150
2025-04-10 16:33:16   @43.5@17.1@44.9@17.8@24@400@75@ISS052-E-27335@ pred_idx=6 iteration=03 MSG2_FOUND_TP num_inliers=1020 pred=43.60214, 16.80840; 43.76678, 17.06245; 43.48376, 17.37487; 43.31166, 17.12082
2025-04-10 16:33:17   @43.5@17.1@44.9@17.8@24@400@75@ISS052-E-27335@ pred_idx=7 iteration=00 MSG1_NOT_FOUND num_inliers=-1
2025-04-10 16:33:18   @43.5@17.1@44.9@17.8@24@400@75@ISS052-E-27335@ pred_idx=8 iteration=00 MSG2_FOUND_TP num_inliers=144 pred=44.05988, 17.13318; 43.48658, 17.35633; 43.46970, 17.06932; 43.60620, 16.86745
2025-04-10 16:33:19   @43.5@17.1@44.9@17.8@24@400@75@ISS052-E-27335@ pred_idx=8 iteration=01 MSG2_FOUND_TP num_inliers=673 pred=43.76702, 17.06314; 43.48459, 17.37419; 43.30987, 17.12082; 43.60273, 16.80771
2025-04-10 16:33:19   @43.5@17.1@44.9@17.8@24@400@75@ISS052-E-27335@ pred_idx=8 iteration=02 MSG2_FOUND_TP num_inliers=994 pred=43.76653, 17.06177; 43.48459, 17.37419; 43.31186, 17.12150; 43.60223, 16.80908
2025-04-10 16:33:20   @43.5@17.1@44.9@17.8@24@400@75@ISS052-E-27335@ pred_idx=8 iteration=03 MSG2_FOUND_TP num_inliers=1007 pred=43.76653, 17.06245; 43.48409, 17.37487; 43.31235, 17.12082; 43.60223, 16.80840
2025-04-10 16:33:21   @43.5@17.1@44.9@17.8@24@400@75@ISS052-E-27335@ pred_idx=9 iteration=00 MSG2_FOUND_TP num_inliers=78 pred=43.82311, 17.09198; 43.53720, 17.15996; 43.39227, 17.03911; 43.56897, 16.58455
2025-04-10 16:33:22   @43.5@17.1@44.9@17.8@24@400@75@ISS052-E-27335@ pred_idx=9 iteration=01 MSG2_FOUND_TP num_inliers=548 pred=43.76355, 17.06039; 43.48459, 17.36732; 43.30391, 17.12494; 43.60273, 16.80840
2025-04-10 16:33:22   @43.5@17.1@44.9@17.8@24@400@75@ISS052-E-27335@ pred_idx=9 iteration=02 MSG2_FOUND_TP num_inliers=1001 pred=43.76702, 17.06245; 43.48459, 17.37419; 43.31235, 17.12082; 43.60273, 16.80840
2025-04-10 16:33:23   @43.5@17.1@44.9@17.8@24@400@75@ISS052-E-27335@ pred_idx=9 iteration=03 MSG2_FOUND_TP num_inliers=1007 pred=43.76653, 17.06245; 43.48459, 17.37487; 43.31235, 17.12150; 43.60223, 16.80840
2025-04-10 16:33:24   @8.2@-63.3@4.2@-62.1@49@500@50@ISS052-E-39552@ pred_idx=0 iteration=00 MSG1_NOT_FOUND num_inliers=-1
2025-04-10 16:33:25   @8.2@-63.3@4.2@-62.1@49@500@50@ISS052-E-39552@ pred_idx=1 iteration=00 MSG1_NOT_FOUND num_inliers=-1
2025-04-10 16:33:26   @8.2@-63.3@4.2@-62.1@49@500@50@ISS052-E-39552@ pred_idx=2 iteration=00 MSG1_NOT_FOUND num_inliers=-1
2025-04-10 16:33:27   @8.2@-63.3@4.2@-62.1@49@500@50@ISS052-E-39552@ pred_idx=3 iteration=00 MSG1_NOT_FOUND num_inliers=-1
2025-04-10 16:33:28   @8.2@-63.3@4.2@-62.1@49@500@50@ISS052-E-39552@ pred_idx=4 iteration=00 MSG1_NOT_FOUND num_inliers=-1
2025-04-10 16:33:29   @8.2@-63.3@4.2@-62.1@49@500@50@ISS052-E-39552@ pred_idx=5 iteration=00 MSG1_NOT_FOUND num_inliers=-1
2025-04-10 16:33:30   @8.2@-63.3@4.2@-62.1@49@500@50@ISS052-E-39552@ pred_idx=6 iteration=00 MSG1_NOT_FOUND num_inliers=-1
2025-04-10 16:33:31   @8.2@-63.3@4.2@-62.1@49@500@50@ISS052-E-39552@ pred_idx=7 iteration=00 MSG1_NOT_FOUND num_inliers=-1
2025-04-10 16:33:32   @8.2@-63.3@4.2@-62.1@49@500@50@ISS052-E-39552@ pred_idx=8 iteration=00 MSG1_NOT_FOUND num_inliers=-1
2025-04-10 16:33:33   @8.2@-63.3@4.2@-62.1@49@500@50@ISS052-E-39552@ pred_idx=9 iteration=00 MSG1_NOT_FOUND num_inliers=-1
2025-04-10 16:33:34   @34.3@42.3@33.6@41.1@21@95@10@ISS052-E-43456@ pred_idx=0 iteration=00 MSG2_FOUND_TP num_inliers=962 pred=34.23707, 41.25367; 35.16952, 41.89911; 34.37320, 43.62120; 33.48612, 42.73681
2025-04-10 16:33:35   @34.3@42.3@33.6@41.1@21@95@10@ISS052-E-43456@ pred_idx=0 iteration=01 MSG2_FOUND_TP num_inliers=999 pred=34.23707, 41.26740; 35.16498, 41.90461; 34.36866, 43.62120; 33.48386, 42.73681
2025-04-10 16:33:35   @34.3@42.3@33.6@41.1@21@95@10@ISS052-E-43456@ pred_idx=0 iteration=02 MSG2_FOUND_TP num_inliers=1008 pred=34.23480, 41.26466; 35.16045, 41.90735; 34.37093, 43.61846; 33.48612, 42.73681
2025-04-10 16:33:36   @34.3@42.3@33.6@41.1@21@95@10@ISS052-E-43456@ pred_idx=0 iteration=03 MSG2_FOUND_TP num_inliers=1006 pred=34.23707, 41.26466; 35.16272, 41.90735; 34.36866, 43.61846; 33.48386, 42.73681
2025-04-10 16:33:37   @34.3@42.3@33.6@41.1@21@95@10@ISS052-E-43456@ pred_idx=1 iteration=00 MSG1_NOT_FOUND num_inliers=-1
2025-04-10 16:33:38   @34.3@42.3@33.6@41.1@21@95@10@ISS052-E-43456@ pred_idx=2 iteration=00 MSG1_NOT_FOUND num_inliers=-1
2025-04-10 16:33:39   @34.3@42.3@33.6@41.1@21@95@10@ISS052-E-43456@ pred_idx=3 iteration=00 MSG2_FOUND_TP num_inliers=981 pred=34.23934, 41.23444; 35.18087, 41.89636; 34.36866, 43.60748; 33.48839, 42.73682
2025-04-10 16:33:40   @34.3@42.3@33.6@41.1@21@95@10@ISS052-E-43456@ pred_idx=3 iteration=01 MSG2_FOUND_TP num_inliers=999 pred=34.23707, 41.26465; 35.16272, 41.90460; 34.36866, 43.61847; 33.48612, 42.73682
2025-04-10 16:33:40   @34.3@42.3@33.6@41.1@21@95@10@ISS052-E-43456@ pred_idx=3 iteration=02 MSG2_FOUND_TP num_inliers=1004 pred=34.23707, 41.26465; 35.16272, 41.90735; 34.36866, 43.61572; 33.48612, 42.73682
2025-04-10 16:33:41   @34.3@42.3@33.6@41.1@21@95@10@ISS052-E-43456@ pred_idx=3 iteration=03 MSG2_FOUND_TP num_inliers=984 pred=34.23480, 41.26190; 35.16272, 41.90460; 34.37093, 43.62122; 33.48386, 42.73956
2025-04-10 16:33:42   @34.3@42.3@33.6@41.1@21@95@10@ISS052-E-43456@ pred_idx=4 iteration=00 MSG2_FOUND_TP num_inliers=1023 pred=35.17406, 41.89911; 34.36866, 43.60748; 33.48612, 42.73682; 34.23934, 41.23718
2025-04-10 16:33:43   @34.3@42.3@33.6@41.1@21@95@10@ISS052-E-43456@ pred_idx=4 iteration=01 MSG2_FOUND_TP num_inliers=987 pred=35.16272, 41.90735; 34.36866, 43.62396; 33.48159, 42.73956; 34.23707, 41.26740
2025-04-10 16:33:43   @34.3@42.3@33.6@41.1@21@95@10@ISS052-E-43456@ pred_idx=4 iteration=02 MSG2_FOUND_TP num_inliers=989 pred=35.16045, 41.90735; 34.37093, 43.62396; 33.48386, 42.73682; 34.23480, 41.26740
2025-04-10 16:33:44   @34.3@42.3@33.6@41.1@21@95@10@ISS052-E-43456@ pred_idx=4 iteration=03 MSG2_FOUND_TP num_inliers=992 pred=35.16272, 41.90460; 34.37093, 43.62122; 33.48386, 42.73682; 34.23707, 41.26465
2025-04-10 16:33:45   @34.3@42.3@33.6@41.1@21@95@10@ISS052-E-43456@ pred_idx=5 iteration=00 MSG2_FOUND_TP num_inliers=1023 pred=35.16272, 41.90461; 34.37320, 43.62944; 33.48159, 42.73681; 34.23707, 41.26740
2025-04-10 16:33:46   @34.3@42.3@33.6@41.1@21@95@10@ISS052-E-43456@ pred_idx=5 iteration=01 MSG2_FOUND_TP num_inliers=989 pred=35.16272, 41.90461; 34.36866, 43.61846; 33.48386, 42.73956; 34.23707, 41.26191
2025-04-10 16:33:46   @34.3@42.3@33.6@41.1@21@95@10@ISS052-E-43456@ pred_idx=5 iteration=02 MSG2_FOUND_TP num_inliers=1008 pred=35.16272, 41.90735; 34.37093, 43.61846; 33.48612, 42.73681; 34.23707, 41.26466
2025-04-10 16:33:47   @34.3@42.3@33.6@41.1@21@95@10@ISS052-E-43456@ pred_idx=5 iteration=03 MSG2_FOUND_TP num_inliers=993 pred=35.16045, 41.90461; 34.36866, 43.62120; 33.48159, 42.73956; 34.23707, 41.25916
2025-04-10 16:33:48   @34.3@42.3@33.6@41.1@21@95@10@ISS052-E-43456@ pred_idx=6 iteration=00 MSG1_NOT_FOUND num_inliers=-1
2025-04-10 16:33:49   @34.3@42.3@33.6@41.1@21@95@10@ISS052-E-43456@ pred_idx=7 iteration=00 MSG2_FOUND_TP num_inliers=939 pred=34.24318, 41.22345; 35.20946, 41.88538; 34.36654, 43.61023; 33.48934, 42.73407
2025-04-10 16:33:50   @34.3@42.3@33.6@41.1@21@95@10@ISS052-E-43456@ pred_idx=7 iteration=01 MSG2_FOUND_TP num_inliers=992 pred=34.23861, 41.26740; 35.17063, 41.90460; 34.37339, 43.62122; 33.48020, 42.73956
2025-04-10 16:33:50   @34.3@42.3@33.6@41.1@21@95@10@ISS052-E-43456@ pred_idx=7 iteration=02 MSG2_FOUND_TP num_inliers=992 pred=34.23861, 41.26190; 35.16834, 41.90735; 34.37110, 43.62122; 33.47792, 42.73682
2025-04-10 16:33:51   @34.3@42.3@33.6@41.1@21@95@10@ISS052-E-43456@ pred_idx=7 iteration=03 MSG2_FOUND_TP num_inliers=1008 pred=34.23632, 41.26740; 35.17063, 41.90735; 34.37339, 43.62122; 33.48249, 42.73682
2025-04-10 16:33:52   @34.3@42.3@33.6@41.1@21@95@10@ISS052-E-43456@ pred_idx=8 iteration=00 MSG2_FOUND_TP num_inliers=47 pred=34.37796, 42.39075; 33.69265, 42.69287; 34.01017, 42.13257; 34.27059, 42.26166
2025-04-10 16:33:53   @34.3@42.3@33.6@41.1@21@95@10@ISS052-E-43456@ pred_idx=8 iteration=01 MSG2_FOUND_TP num_inliers=180 pred=34.35283, 42.44568; 34.07642, 42.70935; 31.23697, 40.44891; 34.27973, 42.26990
2025-04-10 16:33:53   @34.3@42.3@33.6@41.1@21@95@10@ISS052-E-43456@ pred_idx=8 iteration=02 MSG3_FOUND_FP num_inliers=51 pred=34.05815, 42.44293; 34.13124, 42.54456; 33.85484, 42.35504; 33.61726, 42.16553
2025-04-10 16:33:54   @34.3@42.3@33.6@41.1@21@95@10@ISS052-E-43456@ pred_idx=8 iteration=03 MSG3_FOUND_FP num_inliers=105 pred=34.00104, 42.39349; 34.08099, 42.47040; 34.13353, 42.53906; 34.01703, 42.41547
2025-04-10 16:33:55   @34.3@42.3@33.6@41.1@21@95@10@ISS052-E-43456@ pred_idx=9 iteration=00 MSG1_NOT_FOUND num_inliers=-1
2025-04-10 16:33:56   @8.6@-62.5@5.3@-63.9@44@210@75@ISS052-E-44668@ pred_idx=0 iteration=00 MSG2_FOUND_TP num_inliers=439 pred=9.08491, -62.77176; 8.80234, -61.93817; 8.07146, -62.27325; 8.34044, -63.00660
2025-04-10 16:33:56   @8.6@-62.5@5.3@-63.9@44@210@75@ISS052-E-44668@ pred_idx=0 iteration=01 MSG2_FOUND_TP num_inliers=629 pred=9.08491, -62.77176; 8.79962, -61.94503; 8.07281, -62.27050; 8.33773, -63.00797
2025-04-10 16:33:57   @8.6@-62.5@5.3@-63.9@44@210@75@ISS052-E-44668@ pred_idx=0 iteration=02 MSG2_FOUND_TP num_inliers=617 pred=9.08219, -62.77451; 8.79962, -61.94641; 8.07281, -62.26913; 8.33908, -63.00797
2025-04-10 16:33:58   @8.6@-62.5@5.3@-63.9@44@210@75@ISS052-E-44668@ pred_idx=0 iteration=03 MSG2_FOUND_TP num_inliers=680 pred=9.08491, -62.77451; 8.79962, -61.94503; 8.07417, -62.27050; 8.33773, -63.00934
2025-04-10 16:33:59   @8.6@-62.5@5.3@-63.9@44@210@75@ISS052-E-44668@ pred_idx=1 iteration=00 MSG1_NOT_FOUND num_inliers=-1
2025-04-10 16:34:00   @8.6@-62.5@5.3@-63.9@44@210@75@ISS052-E-44668@ pred_idx=2 iteration=00 MSG2_FOUND_TP num_inliers=642 pred=9.08679, -62.77518; 8.80028, -61.94504; 8.06634, -62.26638; 8.33384, -63.01894
2025-04-10 16:34:00   @8.6@-62.5@5.3@-63.9@44@210@75@ISS052-E-44668@ pred_idx=2 iteration=01 MSG2_FOUND_TP num_inliers=783 pred=9.08000, -62.77587; 8.79824, -61.94916; 8.07177, -62.26501; 8.33724, -63.01139
2025-04-10 16:34:01   @8.6@-62.5@5.3@-63.9@44@210@75@ISS052-E-44668@ pred_idx=2 iteration=02 MSG2_FOUND_TP num_inliers=858 pred=9.08136, -62.77450; 8.79892, -61.94710; 8.07245, -62.26707; 8.33792, -63.01070
2025-04-10 16:34:01   @8.6@-62.5@5.3@-63.9@44@210@75@ISS052-E-44668@ pred_idx=2 iteration=03 MSG2_FOUND_TP num_inliers=739 pred=9.08747, -62.77175; 8.79892, -61.94847; 8.07584, -62.27325; 8.33724, -63.01139
2025-04-10 16:34:02   @8.6@-62.5@5.3@-63.9@44@210@75@ISS052-E-44668@ pred_idx=3 iteration=00 MSG1_NOT_FOUND num_inliers=-1
2025-04-10 16:34:03   @8.6@-62.5@5.3@-63.9@44@210@75@ISS052-E-44668@ pred_idx=4 iteration=00 MSG1_NOT_FOUND num_inliers=-1
2025-04-10 16:34:04   @8.6@-62.5@5.3@-63.9@44@210@75@ISS052-E-44668@ pred_idx=5 iteration=00 MSG1_NOT_FOUND num_inliers=-1
2025-04-10 16:34:05   @8.6@-62.5@5.3@-63.9@44@210@75@ISS052-E-44668@ pred_idx=6 iteration=00 MSG1_NOT_FOUND num_inliers=-1
2025-04-10 16:34:06   @8.6@-62.5@5.3@-63.9@44@210@75@ISS052-E-44668@ pred_idx=7 iteration=00 MSG1_NOT_FOUND num_inliers=-1
2025-04-10 16:34:07   @8.6@-62.5@5.3@-63.9@44@210@75@ISS052-E-44668@ pred_idx=8 iteration=00 MSG2_FOUND_TP num_inliers=403 pred=9.08446, -62.77039; 8.80078, -61.94366; 8.07192, -62.27188; 8.33659, -63.01346
2025-04-10 16:34:08   @8.6@-62.5@5.3@-63.9@44@210@75@ISS052-E-44668@ pred_idx=8 iteration=01 MSG2_FOUND_TP num_inliers=669 pred=9.08310, -62.77725; 8.79943, -61.94641; 8.07192, -62.26776; 8.33795, -63.00934
2025-04-10 16:34:08   @8.6@-62.5@5.3@-63.9@44@210@75@ISS052-E-44668@ pred_idx=8 iteration=02 MSG2_FOUND_TP num_inliers=695 pred=9.08446, -62.77451; 8.79943, -61.94503; 8.07464, -62.27050; 8.33931, -63.00797
2025-04-10 16:34:09   @8.6@-62.5@5.3@-63.9@44@210@75@ISS052-E-44668@ pred_idx=8 iteration=03 MSG2_FOUND_TP num_inliers=620 pred=9.08581, -62.77451; 8.79807, -61.94778; 8.07599, -62.27188; 8.33795, -63.01072
2025-04-10 16:34:10   @8.6@-62.5@5.3@-63.9@44@210@75@ISS052-E-44668@ pred_idx=9 iteration=00 MSG1_NOT_FOUND num_inliers=-1
2025-04-10 16:34:11   @8.6@-61.5@11.4@-61.9@38@400@50@ISS052-E-46802@ pred_idx=0 iteration=00 MSG1_NOT_FOUND num_inliers=-1
2025-04-10 16:34:12   @8.6@-61.5@11.4@-61.9@38@400@50@ISS052-E-46802@ pred_idx=1 iteration=00 MSG1_NOT_FOUND num_inliers=-1
2025-04-10 16:34:13   @8.6@-61.5@11.4@-61.9@38@400@50@ISS052-E-46802@ pred_idx=2 iteration=00 MSG2_FOUND_TP num_inliers=794 pred=8.69844, -61.73630; 8.85460, -61.36139; 8.54024, -61.23093; 8.37187, -61.62163
2025-04-10 16:34:14   @8.6@-61.5@11.4@-61.9@38@400@50@ISS052-E-46802@ pred_idx=2 iteration=01 MSG2_FOUND_TP num_inliers=956 pred=8.69776, -61.73561; 8.85731, -61.35796; 8.53889, -61.22887; 8.37254, -61.62163
2025-04-10 16:34:14   @8.6@-61.5@11.4@-61.9@38@400@50@ISS052-E-46802@ pred_idx=2 iteration=02 MSG2_FOUND_TP num_inliers=946 pred=8.69776, -61.73561; 8.85663, -61.35865; 8.53889, -61.22887; 8.37322, -61.62232
2025-04-10 16:34:15   @8.6@-61.5@11.4@-61.9@38@400@50@ISS052-E-46802@ pred_idx=2 iteration=03 MSG2_FOUND_TP num_inliers=951 pred=8.69776, -61.73630; 8.85663, -61.35796; 8.53889, -61.22887; 8.37187, -61.62300
2025-04-10 16:34:16   @8.6@-61.5@11.4@-61.9@38@400@50@ISS052-E-46802@ pred_idx=3 iteration=00 MSG1_NOT_FOUND num_inliers=-1
2025-04-10 16:34:17   @8.6@-61.5@11.4@-61.9@38@400@50@ISS052-E-46802@ pred_idx=4 iteration=00 MSG1_NOT_FOUND num_inliers=-1
2025-04-10 16:34:18   @8.6@-61.5@11.4@-61.9@38@400@50@ISS052-E-46802@ pred_idx=5 iteration=00 MSG1_NOT_FOUND num_inliers=-1
2025-04-10 16:34:19   @8.6@-61.5@11.4@-61.9@38@400@50@ISS052-E-46802@ pred_idx=6 iteration=00 MSG1_NOT_FOUND num_inliers=-1
2025-04-10 16:34:20   @8.6@-61.5@11.4@-61.9@38@400@50@ISS052-E-46802@ pred_idx=7 iteration=00 MSG1_NOT_FOUND num_inliers=-1
2025-04-10 16:34:21   @8.6@-61.5@11.4@-61.9@38@400@50@ISS052-E-46802@ pred_idx=8 iteration=00 MSG2_FOUND_TP num_inliers=170 pred=8.84713, -61.35384; 8.55518, -61.24535; 8.32230, -61.66214; 8.69233, -61.77544
2025-04-10 16:34:22   @8.6@-61.5@11.4@-61.9@38@400@50@ISS052-E-46802@ pred_idx=8 iteration=01 MSG2_FOUND_TP num_inliers=833 pred=8.85663, -61.36002; 8.53956, -61.23093; 8.37254, -61.62163; 8.69776, -61.73561
2025-04-10 16:34:23   @8.6@-61.5@11.4@-61.9@38@400@50@ISS052-E-46802@ pred_idx=8 iteration=02 MSG2_FOUND_TP num_inliers=903 pred=8.85731, -61.35865; 8.53889, -61.22956; 8.37458, -61.62026; 8.69776, -61.73561
2025-04-10 16:34:23   @8.6@-61.5@11.4@-61.9@38@400@50@ISS052-E-46802@ pred_idx=8 iteration=03 MSG2_FOUND_TP num_inliers=910 pred=8.85799, -61.35865; 8.53889, -61.22956; 8.37390, -61.62163; 8.69844, -61.73561
2025-04-10 16:34:25   @8.6@-61.5@11.4@-61.9@38@400@50@ISS052-E-46802@ pred_idx=9 iteration=00 MSG1_NOT_FOUND num_inliers=-1
2025-04-10 16:34:25   @37.8@-122.4@39.4@-122.8@25@1150@75@ISS052-E-78671@ pred_idx=0 iteration=00 MSG2_FOUND_TP num_inliers=912 pred=37.83081, -122.51765; 37.82552, -122.34667; 37.72648, -122.34478; 37.73055, -122.51490
2025-04-10 16:34:26   @37.8@-122.4@39.4@-122.8@25@1150@75@ISS052-E-78671@ pred_idx=0 iteration=01 MSG2_FOUND_TP num_inliers=817 pred=37.83135, -122.51884; 37.82524, -122.34633; 37.72580, -122.34341; 37.73123, -122.51627
2025-04-10 16:34:27   @37.8@-122.4@39.4@-122.8@25@1150@75@ISS052-E-78671@ pred_idx=0 iteration=02 MSG2_FOUND_TP num_inliers=854 pred=37.83216, -122.51987; 37.82470, -122.34650; 37.72580, -122.34324; 37.73069, -122.51833
2025-04-10 16:34:27   @37.8@-122.4@39.4@-122.8@25@1150@75@ISS052-E-78671@ pred_idx=0 iteration=03 MSG2_FOUND_TP num_inliers=827 pred=37.83230, -122.52004; 37.82457, -122.34650; 37.72567, -122.34324; 37.73082, -122.51919
2025-04-10 16:34:28   @37.8@-122.4@39.4@-122.8@25@1150@75@ISS052-E-78671@ pred_idx=1 iteration=00 MSG2_FOUND_TP num_inliers=331 pred=37.82497, -122.34753; 37.72621, -122.34461; 37.72512, -122.52571; 37.83298, -122.52399
2025-04-10 16:34:29   @37.8@-122.4@39.4@-122.8@25@1150@75@ISS052-E-78671@ pred_idx=1 iteration=01 MSG2_FOUND_TP num_inliers=953 pred=37.82524, -122.34650; 37.72594, -122.34341; 37.73069, -122.51627; 37.83040, -122.51765
2025-04-10 16:34:29   @37.8@-122.4@39.4@-122.8@25@1150@75@ISS052-E-78671@ pred_idx=1 iteration=02 MSG2_FOUND_TP num_inliers=925 pred=37.82565, -122.34633; 37.72553, -122.34272; 37.73109, -122.51421; 37.82891, -122.51541
2025-04-10 16:34:30   @37.8@-122.4@39.4@-122.8@25@1150@75@ISS052-E-78671@ pred_idx=1 iteration=03 MSG2_FOUND_TP num_inliers=952 pred=37.82552, -122.34599; 37.72540, -122.34272; 37.73123, -122.51507; 37.82877, -122.51507
2025-04-10 16:34:31   @37.8@-122.4@39.4@-122.8@25@1150@75@ISS052-E-78671@ pred_idx=2 iteration=00 MSG2_FOUND_TP num_inliers=935 pred=37.82956, -122.51369; 37.82576, -122.34650; 37.72510, -122.34306; 37.73215, -122.51301
2025-04-10 16:34:31   @37.8@-122.4@39.4@-122.8@25@1150@75@ISS052-E-78671@ pred_idx=2 iteration=01 MSG2_FOUND_TP num_inliers=811 pred=37.83119, -122.51850; 37.82495, -122.34615; 37.72537, -122.34306; 37.73134, -122.51713
2025-04-10 16:34:32   @37.8@-122.4@39.4@-122.8@25@1150@75@ISS052-E-78671@ pred_idx=2 iteration=02 MSG2_FOUND_TP num_inliers=864 pred=37.83065, -122.51816; 37.82522, -122.34615; 37.72591, -122.34272; 37.73080, -122.51644
2025-04-10 16:34:32   @37.8@-122.4@39.4@-122.8@25@1150@75@ISS052-E-78671@ pred_idx=2 iteration=03 MSG2_FOUND_TP num_inliers=834 pred=37.83146, -122.51884; 37.82495, -122.34615; 37.72537, -122.34341; 37.73107, -122.51713
2025-04-10 16:34:33   @37.8@-122.4@39.4@-122.8@25@1150@75@ISS052-E-78671@ pred_idx=3 iteration=00 MSG2_FOUND_TP num_inliers=969 pred=37.82876, -122.51318; 37.82551, -122.34633; 37.72462, -122.34238; 37.73099, -122.51627
2025-04-10 16:34:34   @37.8@-122.4@39.4@-122.8@25@1150@75@ISS052-E-78671@ pred_idx=3 iteration=01 MSG2_FOUND_TP num_inliers=802 pred=37.83052, -122.51816; 37.82537, -122.34615; 37.72584, -122.34306; 37.73099, -122.51627
2025-04-10 16:34:34   @37.8@-122.4@39.4@-122.8@25@1150@75@ISS052-E-78671@ pred_idx=3 iteration=02 MSG2_FOUND_TP num_inliers=841 pred=37.83175, -122.51868; 37.82483, -122.34650; 37.72557, -122.34306; 37.73112, -122.51816
2025-04-10 16:34:35   @37.8@-122.4@39.4@-122.8@25@1150@75@ISS052-E-78671@ pred_idx=3 iteration=03 MSG2_FOUND_TP num_inliers=849 pred=37.83134, -122.51884; 37.82510, -122.34633; 37.72570, -122.34324; 37.73058, -122.51765
2025-04-10 16:34:36   @37.8@-122.4@39.4@-122.8@25@1150@75@ISS052-E-78671@ pred_idx=4 iteration=00 MSG2_FOUND_TP num_inliers=995 pred=37.83038, -122.51644; 37.82549, -122.34684; 37.72591, -122.34375; 37.73080, -122.51507
2025-04-10 16:34:36   @37.8@-122.4@39.4@-122.8@25@1150@75@ISS052-E-78671@ pred_idx=4 iteration=01 MSG2_FOUND_TP num_inliers=811 pred=37.83146, -122.51953; 37.82495, -122.34650; 37.72564, -122.34306; 37.73053, -122.51850
2025-04-10 16:34:37   @37.8@-122.4@39.4@-122.8@25@1150@75@ISS052-E-78671@ pred_idx=4 iteration=02 MSG2_FOUND_TP num_inliers=832 pred=37.83065, -122.51816; 37.82522, -122.34615; 37.72564, -122.34306; 37.73080, -122.51713
2025-04-10 16:34:37   @37.8@-122.4@39.4@-122.8@25@1150@75@ISS052-E-78671@ pred_idx=4 iteration=03 MSG2_FOUND_TP num_inliers=844 pred=37.83173, -122.51919; 37.82495, -122.34650; 37.72591, -122.34306; 37.73134, -122.51713
2025-04-10 16:34:38   @37.8@-122.4@39.4@-122.8@25@1150@75@ISS052-E-78671@ pred_idx=5 iteration=00 MSG2_FOUND_TP num_inliers=513 pred=37.73028, -122.51575; 37.82986, -122.51730; 37.82552, -122.34650; 37.72607, -122.34358
2025-04-10 16:34:39   @37.8@-122.4@39.4@-122.8@25@1150@75@ISS052-E-78671@ pred_idx=5 iteration=01 MSG2_FOUND_TP num_inliers=915 pred=37.73082, -122.51644; 37.83067, -122.51868; 37.82538, -122.34633; 37.72580, -122.34324
2025-04-10 16:34:39   @37.8@-122.4@39.4@-122.8@25@1150@75@ISS052-E-78671@ pred_idx=5 iteration=02 MSG2_FOUND_TP num_inliers=923 pred=37.73096, -122.51507; 37.82999, -122.51644; 37.82552, -122.34633; 37.72567, -122.34324
2025-04-10 16:34:40   @37.8@-122.4@39.4@-122.8@25@1150@75@ISS052-E-78671@ pred_idx=5 iteration=03 MSG2_FOUND_TP num_inliers=932 pred=37.73069, -122.51678; 37.83081, -122.51884; 37.82524, -122.34650; 37.72594, -122.34341
2025-04-10 16:34:41   @37.8@-122.4@39.4@-122.8@25@1150@75@ISS052-E-78671@ pred_idx=6 iteration=00 MSG2_FOUND_TP num_inliers=411 pred=37.82527, -122.34667; 37.72538, -122.34324; 37.73121, -122.51369; 37.82893, -122.51404
2025-04-10 16:34:42   @37.8@-122.4@39.4@-122.8@25@1150@75@ISS052-E-78671@ pred_idx=6 iteration=01 MSG2_FOUND_TP num_inliers=959 pred=37.82554, -122.34615; 37.72538, -122.34290; 37.73121, -122.51438; 37.82866, -122.51421
2025-04-10 16:34:42   @37.8@-122.4@39.4@-122.8@25@1150@75@ISS052-E-78671@ pred_idx=6 iteration=02 MSG2_FOUND_TP num_inliers=946 pred=37.82568, -122.34615; 37.72578, -122.34306; 37.73108, -122.51404; 37.82880, -122.51524
2025-04-10 16:34:43   @37.8@-122.4@39.4@-122.8@25@1150@75@ISS052-E-78671@ pred_idx=6 iteration=03 MSG2_FOUND_TP num_inliers=904 pred=37.82581, -122.34615; 37.72538, -122.34272; 37.73108, -122.51404; 37.82866, -122.51472
2025-04-10 16:34:44   @37.8@-122.4@39.4@-122.8@25@1150@75@ISS052-E-78671@ pred_idx=7 iteration=00 MSG1_NOT_FOUND num_inliers=-1
2025-04-10 16:34:44   @37.8@-122.4@39.4@-122.8@25@1150@75@ISS052-E-78671@ pred_idx=8 iteration=00 MSG2_FOUND_TP num_inliers=999 pred=37.83097, -122.51713; 37.82486, -122.34702; 37.72565, -122.34375; 37.73108, -122.51575
2025-04-10 16:34:45   @37.8@-122.4@39.4@-122.8@25@1150@75@ISS052-E-78671@ pred_idx=8 iteration=01 MSG2_FOUND_TP num_inliers=824 pred=37.83043, -122.51662; 37.82541, -122.34633; 37.72538, -122.34324; 37.73148, -122.51541
2025-04-10 16:34:46   @37.8@-122.4@39.4@-122.8@25@1150@75@ISS052-E-78671@ pred_idx=8 iteration=02 MSG2_FOUND_TP num_inliers=809 pred=37.82988, -122.51627; 37.82554, -122.34633; 37.72551, -122.34290; 37.73108, -122.51490
2025-04-10 16:34:46   @37.8@-122.4@39.4@-122.8@25@1150@75@ISS052-E-78671@ pred_idx=8 iteration=03 MSG2_FOUND_TP num_inliers=816 pred=37.83260, -122.52022; 37.82459, -122.34650; 37.72565, -122.34341; 37.73094, -122.51902
2025-04-10 16:34:47   @37.8@-122.4@39.4@-122.8@25@1150@75@ISS052-E-78671@ pred_idx=9 iteration=00 MSG2_FOUND_TP num_inliers=206 pred=37.73397, -122.50751; 37.82673, -122.51610; 37.82605, -122.34599; 37.73167, -122.34564
2025-04-10 16:34:48   @37.8@-122.4@39.4@-122.8@25@1150@75@ISS052-E-78671@ pred_idx=9 iteration=01 MSG2_FOUND_TP num_inliers=906 pred=37.73140, -122.51438; 37.82930, -122.51610; 37.82565, -122.34615; 37.72570, -122.34306
2025-04-10 16:34:48   @37.8@-122.4@39.4@-122.8@25@1150@75@ISS052-E-78671@ pred_idx=9 iteration=02 MSG2_FOUND_TP num_inliers=882 pred=37.73140, -122.51438; 37.82957, -122.51490; 37.82524, -122.34650; 37.72530, -122.34306
2025-04-10 16:34:49   @37.8@-122.4@39.4@-122.8@25@1150@75@ISS052-E-78671@ pred_idx=9 iteration=03 MSG2_FOUND_TP num_inliers=877 pred=37.73058, -122.51765; 37.83120, -122.52022; 37.82510, -122.34650; 37.72625, -122.34341
2025-04-10 16:34:50   @37.4@-122.0@38.2@-121.0@20@1150@10@ISS052-E-78678@ pred_idx=0 iteration=00 MSG2_FOUND_TP num_inliers=1019 pred=37.50073, -122.07630; 37.42686, -121.94721; 37.35462, -122.01244; 37.42931, -122.14291
2025-04-10 16:34:50   @37.4@-122.0@38.2@-121.0@20@1150@10@ISS052-E-78678@ pred_idx=0 iteration=01 MSG2_FOUND_TP num_inliers=1024 pred=37.50073, -122.07596; 37.42659, -121.94653; 37.35462, -122.01210; 37.42904, -122.14256
2025-04-10 16:34:51   @37.4@-122.0@38.2@-121.0@20@1150@10@ISS052-E-78678@ pred_idx=0 iteration=02 MSG2_FOUND_TP num_inliers=1011 pred=37.50046, -122.07561; 37.42659, -121.94687; 37.35435, -122.01244; 37.42904, -122.14222
2025-04-10 16:34:51   @37.4@-122.0@38.2@-121.0@20@1150@10@ISS052-E-78678@ pred_idx=0 iteration=03 MSG2_FOUND_TP num_inliers=1024 pred=37.50073, -122.07596; 37.42659, -121.94687; 37.35462, -122.01210; 37.42904, -122.14256
2025-04-10 16:34:52   @37.4@-122.0@38.2@-121.0@20@1150@10@ISS052-E-78678@ pred_idx=1 iteration=00 MSG2_FOUND_TP num_inliers=800 pred=37.42686, -121.94721; 37.35435, -122.01210; 37.42931, -122.14256; 37.49992, -122.07596
2025-04-10 16:34:52   
Traceback (most recent call last):
  File "/home/scur2410/.local/lib/python3.10/site-packages/PIL/ImageFile.py", line 554, in _save
    fh = fp.fileno()
AttributeError: '_idat' object has no attribute 'fileno'

During handling of the above exception, another exception occurred:

Traceback (most recent call last):
  File "/gpfs/home3/scur2410/EarthMatch_Master_Duster/main.py", line 95, in <module>
    num_inliers, fm, predicted_footprint, pretty_printed_footprint  = util_matching.estimate_footprint(
  File "/gpfs/home3/scur2410/EarthMatch_Master_Duster/util_matching.py", line 206, in estimate_footprint
    num_inliers, new_fm = compute_matching(
  File "/gpfs/home3/scur2410/EarthMatch_Master_Duster/util_matching.py", line 49, in compute_matching
    output_dictionairy= matcher(image0, image1)
  File "/home/scur2410/miniconda3/envs/earth/lib/python3.10/site-packages/torch/nn/modules/module.py", line 1739, in _wrapped_call_impl
    return self._call_impl(*args, **kwargs)
  File "/home/scur2410/miniconda3/envs/earth/lib/python3.10/site-packages/torch/nn/modules/module.py", line 1750, in _call_impl
    return forward_call(*args, **kwargs)
  File "/home/scur2410/miniconda3/envs/earth/lib/python3.10/site-packages/torch/utils/_contextlib.py", line 116, in decorate_context
    return func(*args, **kwargs)
  File "/gpfs/home3/scur2410/EarthMatch_Master_Duster/image-matching-models/matching/im_models/base_matcher.py", line 179, in forward
    matched_kpts0, matched_kpts1, all_kpts0, all_kpts1, all_desc0, all_desc1 = self._forward(img0, img1)
  File "/gpfs/home3/scur2410/EarthMatch_Master_Duster/image-matching-models/matching/im_models/roma.py", line 52, in _forward
    img1_temp, img1_size = self.preprocess(img1)
  File "/gpfs/home3/scur2410/EarthMatch_Master_Duster/image-matching-models/matching/im_models/roma.py", line 45, in preprocess
    pil_img.save(temp.name, format="png")
  File "/home/scur2410/.local/lib/python3.10/site-packages/PIL/Image.py", line 2596, in save
    save_handler(self, fp, filename)
  File "/home/scur2410/.local/lib/python3.10/site-packages/PIL/PngImagePlugin.py", line 1488, in _save
    ImageFile._save(
  File "/home/scur2410/.local/lib/python3.10/site-packages/PIL/ImageFile.py", line 558, in _save
    _encode_tile(im, fp, tile, bufsize, None, exc)
  File "/home/scur2410/.local/lib/python3.10/site-packages/PIL/ImageFile.py", line 584, in _encode_tile
    errcode, data = encoder.encode(bufsize)[1:]
KeyboardInterrupt

